=~=~=~=~=~=~=~=~=~=~=~= PuTTY log 2016.09.30 13:40:09 =~=~=~=~=~=~=~=~=~=~=~=


Reaction test
type	A+B+C
number	1000

max value	65536
unit	us

test	A	B	C
0	33	23	8
1	26	7	16
2	26	17	7
3	16	7	25
4	7	16	26
5	8	27	17
6	16	25	7
7	25	16	6
8	14	4	23
9	4	13	23
10	27	7	17
11	25	5	15
12	27	17	8
13	16	25	7
14	15	6	25
15	24	5	14
16	16	6	25
17	6	15	25
18	16	25	6
19	15	24	6
20	9	27	18
21	15	24	5
22	27	18	8
23	16	6	25
24	8	17	26
25	6	26	16
26	15	24	6
27	24	5	14
28	27	17	8
29	5	14	24
30	6	25	16
31	7	16	26
32	26	7	16
33	17	26	7
34	25	6	15
35	16	25	6
36	15	24	5
37	6	25	15
38	14	5	23
39	8	27	17
40	16	6	25
41	6	15	25
42	27	7	17
43	5	14	23
44	27	18	9
45	5	24	14
46	5	14	23
47	7	26	16
48	24	14	5
49	6	25	15
50	17	26	8
51	17	8	26
52	17	7	26
53	15	24	6
54	24	5	14
55	15	24	6
56	17	26	8
57	16	7	25
58	5	13	23
59	16	6	25
60	27	8	17
61	27	17	8
62	8	27	17
63	25	16	7
64	18	9	27
65	26	17	7
66	24	15	6
67	5	25	15
68	6	25	15
69	6	26	16
70	15	6	24
71	15	5	24
72	27	8	17
73	25	6	15
74	7	25	16
75	16	6	25
76	6	14	24
77	5	25	15
78	5	14	24
79	15	24	6
80	8	17	26
81	24	15	6
82	7	16	26
83	4	13	23
84	7	16	26
85	5	14	24
86	9	18	27
87	17	26	8
88	16	7	25
89	18	8	27
90	24	4	14
91	27	17	8
92	15	6	24
93	27	18	8
94	17	8	26
95	17	26	7
96	24	15	5
97	23	4	13
98	28	8	18
99	14	23	5
100	18	8	27
101	5	14	24
102	25	6	15
103	5	14	24
104	25	5	15
105	26	17	7
106	24	5	14
107	6	15	25
108	24	15	5
109	16	7	25
110	26	7	16
111	16	25	7
112	6	15	25
113	16	25	7
114	27	8	17
115	27	7	17
116	7	16	26
117	26	6	16
118	24	4	14
119	18	27	9
120	6	25	15
121	16	25	6
122	25	6	15
123	16	25	6
124	27	18	8
125	16	25	7
126	8	27	17
127	7	26	16
128	5	25	15
129	27	18	8
130	16	25	7
131	15	6	24
132	16	7	25
133	6	25	15
134	19	28	9
135	7	26	16
136	5	24	15
137	8	27	17
138	15	24	6
139	7	27	17
140	24	15	6
141	27	8	17
142	27	17	8
143	26	16	7
144	26	7	16
145	9	28	18
146	6	25	15
147	6	25	15
148	25	16	7
149	8	27	17
150	7	16	25
151	15	24	6
152	7	16	26
153	16	25	7
154	9	28	18
155	26	7	16
156	25	16	6
157	8	17	27
158	7	16	26
159	25	5	15
160	16	25	7
161	4	24	14
162	5	14	24
163	17	26	8
164	17	26	8
165	5	14	24
166	18	27	8
167	15	24	5
168	25	6	15
169	15	5	24
170	26	7	16
171	26	16	7
172	5	14	24
173	5	24	14
174	6	25	15
175	5	24	14
176	15	6	24
177	4	13	23
178	6	14	24
179	18	9	27
180	24	14	5
181	25	16	7
182	17	26	8
183	7	16	26
184	6	15	25
185	17	26	8
186	14	5	23
187	16	7	25
188	6	15	25
189	14	5	23
190	7	26	17
191	16	7	25
192	17	26	8
193	18	27	8
194	17	26	8
195	16	25	6
196	6	25	15
197	26	17	8
198	27	18	8
199	27	18	8
200	25	15	6
201	5	14	24
202	5	14	24
203	9	28	18
204	5	24	14
205	16	6	24
206	8	27	17
207	27	18	9
208	27	18	8
209	26	17	8
210	6	25	15
211	25	6	15
212	24	14	5
213	5	24	14
214	25	6	15
215	17	26	7
216	26	6	16
217	7	26	16
218	6	15	24
219	8	17	27
220	15	6	24
221	16	7	25
222	15	24	6
223	7	16	25
224	27	17	8
225	6	15	24
226	8	17	26
227	6	26	16
228	5	24	14
229	25	16	7
230	28	19	9
231	18	27	8
232	26	17	7
233	5	14	23
234	15	5	24
235	27	17	8
236	4	24	14
237	24	4	14
238	7	26	16
239	15	6	24
240	25	6	15
241	24	15	6
242	26	6	16
243	15	5	23
244	5	14	24
245	16	7	25
246	6	24	15
247	16	25	6
248	28	9	18
249	28	18	9
250	27	8	17
251	28	9	18
252	4	13	23
253	17	26	7
254	8	27	17
255	24	15	5
256	25	16	6
257	26	7	16
258	16	25	6
259	23	4	13
260	19	28	9
261	17	8	26
262	6	27	17
263	7	16	26
264	14	5	23
265	24	15	6
266	8	17	27
267	6	15	24
268	23	14	5
269	16	6	25
270	6	26	16
271	16	25	7
272	15	5	24
273	26	7	16
274	26	7	16
275	27	18	8
276	28	18	9
277	17	26	8
278	26	17	8
279	16	25	7
280	9	28	18
281	7	26	16
282	26	7	17
283	5	14	24
284	4	13	23
285	24	5	15
286	17	7	26
287	6	25	15
288	27	17	8
289	15	6	24
290	7	26	16
291	24	5	14
292	8	17	27
293	24	15	6
294	6	25	15
295	17	8	26
296	28	18	9
297	14	23	5
298	6	15	25
299	15	6	24
300	18	27	9
301	6	15	25
302	27	8	17
303	18	8	27
304	8	26	17
305	6	25	15
306	16	7	25
307	17	26	8
308	25	6	15
309	24	5	14
310	25	16	6
311	17	7	26
312	25	6	15
313	8	17	27
314	6	25	15
315	24	5	15
316	6	15	25
317	16	6	25
318	15	24	5
319	14	4	23
320	23	14	5
321	4	23	14
322	25	6	15
323	7	26	16
324	16	25	7
325	6	15	25
326	6	15	25
327	15	6	24
328	25	16	6
329	7	16	26
330	8	17	27
331	25	6	15
332	26	17	7
333	15	24	6
334	14	4	23
335	16	7	25
336	24	14	5
337	27	7	17
338	25	15	6
339	25	16	6
340	7	26	16
341	16	25	7
342	8	17	27
343	8	17	26
344	18	9	27
345	5	24	14
346	15	24	5
347	27	8	17
348	24	14	5
349	7	16	26
350	17	8	26
351	14	4	22
352	7	26	16
353	27	18	8
354	16	25	7
355	17	26	8
356	15	24	6
357	26	16	7
358	26	17	7
359	6	15	25
360	6	25	15
361	26	17	7
362	26	7	16
363	6	25	15
364	26	7	16
365	9	28	18
366	8	27	17
367	26	7	16
368	16	25	6
369	16	25	7
370	17	26	8
371	26	17	7
372	28	19	9
373	7	26	16
374	25	16	7
375	26	7	16
376	15	24	6
377	7	16	26
378	17	8	26
379	25	5	15
380	26	17	7
381	8	16	26
382	14	4	24
383	15	6	24
384	26	6	16
385	28	9	18
386	26	17	7
387	5	24	14
388	17	7	26
389	16	25	6
390	15	24	6
391	15	5	23
392	17	8	26
393	17	8	26
394	15	5	23
395	24	14	5
396	9	17	27
397	4	13	23
398	9	18	27
399	25	6	16
400	5	14	24
401	8	17	27
402	15	6	24
403	26	7	16
404	7	26	16
405	28	19	9
406	24	15	5
407	27	8	17
408	25	16	7
409	26	17	7
410	6	15	25
411	25	16	6
412	27	8	17
413	15	24	5
414	20	30	9
415	8	27	17
416	25	15	6
417	25	5	15
418	17	8	26
419	17	8	26
420	14	5	23
421	24	5	14
422	27	8	17
423	5	25	15
424	14	5	23
425	26	7	16
426	17	8	26
427	7	26	16
428	17	8	26
429	8	17	27
430	5	24	14
431	17	26	8
432	5	24	14
433	28	18	9
434	4	13	23
435	24	15	6
436	16	25	7
437	14	23	5
438	8	17	27
439	17	7	26
440	17	26	8
441	15	6	24
442	27	7	17
443	18	27	9
444	24	15	5
445	7	26	16
446	8	27	17
447	28	9	18
448	17	26	7
449	26	7	16
450	24	14	5
451	7	26	16
452	7	26	16
453	16	6	25
454	18	27	9
455	25	16	6
456	26	17	7
457	26	17	7
458	15	6	24
459	25	16	6
460	18	27	8
461	7	16	26
462	28	19	10
463	18	27	9
464	27	8	17
465	18	27	9
466	25	16	7
467	15	24	5
468	17	26	8
469	17	7	26
470	5	24	14
471	16	6	25
472	7	26	16
473	17	26	7
474	6	15	25
475	28	9	18
476	26	16	7
477	24	15	6
478	25	6	15
479	8	27	17
480	25	6	15
481	16	6	25
482	25	16	7
483	27	17	8
484	7	26	16
485	18	8	27
486	8	27	17
487	25	6	15
488	7	27	17
489	26	16	7
490	6	25	15
491	17	26	8
492	28	8	18
493	6	25	15
494	25	15	6
495	8	17	26
496	6	25	15
497	25	15	6
498	25	16	7
499	6	15	25
500	16	6	25
501	14	5	23
502	28	18	9
503	19	27	9
504	26	7	16
505	24	15	6
506	6	15	25
507	15	6	24
508	15	24	5
509	25	16	7
510	25	15	6
511	25	15	6
512	15	24	6
513	7	16	26
514	16	6	25
515	14	4	23
516	24	5	15
517	17	26	8
518	6	15	25
519	25	15	6
520	26	7	16
521	27	8	17
522	26	6	16
523	26	6	16
524	25	6	15
525	8	27	17
526	26	7	16
527	18	27	9
528	7	26	16
529	16	24	6
530	15	24	5
531	8	17	27
532	15	24	6
533	5	24	14
534	25	6	15
535	5	14	24
536	24	5	14
537	27	18	8
538	5	14	24
539	7	26	16
540	16	7	25
541	7	16	25
542	26	17	7
543	15	5	23
544	26	16	7
545	27	17	8
546	25	6	15
547	18	27	9
548	16	7	25
549	25	16	6
550	28	18	9
551	6	25	15
552	7	26	16
553	6	26	16
554	28	9	18
555	5	14	24
556	5	14	23
557	24	14	5
558	8	17	27
559	4	13	23
560	6	26	16
561	15	24	6
562	17	25	7
563	25	16	7
564	7	26	16
565	7	16	26
566	19	28	9
567	15	24	5
568	17	8	26
569	6	25	16
570	17	8	26
571	18	27	8
572	7	26	16
573	8	17	26
574	5	24	14
575	17	8	26
576	14	5	23
577	27	8	17
578	17	8	26
579	6	15	25
580	5	14	24
581	17	7	26
582	16	6	25
583	6	25	15
584	17	8	26
585	16	25	7
586	26	16	7
587	16	25	7
588	25	15	6
589	26	17	7
590	8	17	27
591	6	15	24
592	6	15	24
593	24	15	6
594	25	6	15
595	8	27	17
596	15	6	24
597	18	27	9
598	25	16	6
599	4	24	14
600	26	6	16
601	25	5	15
602	14	5	23
603	16	26	6
604	24	15	6
605	27	18	8
606	16	7	25
607	24	15	6
608	27	18	8
609	4	23	13
610	27	8	17
611	26	7	16
612	6	15	25
613	27	18	8
614	27	8	17
615	8	17	27
616	26	7	16
617	26	7	16
618	18	27	8
619	9	20	30
620	24	15	5
621	26	17	7
622	26	16	7
623	24	14	5
624	6	15	24
625	7	16	25
626	5	14	24
627	8	17	27
628	14	4	23
629	8	27	17
630	5	24	14
631	4	23	13
632	26	16	7
633	25	6	15
634	15	24	6
635	26	16	7
636	27	8	17
637	25	16	7
638	16	25	7
639	28	18	9
640	7	27	17
641	25	16	7
642	6	15	25
643	26	16	7
644	27	18	6
645	27	8	18
646	28	18	9
647	25	6	15
648	15	6	24
649	27	18	9
650	27	8	17
651	25	16	6
652	24	15	5
653	25	5	15
654	26	7	17
655	5	24	14
656	15	24	6
657	8	27	17
658	28	19	9
659	26	7	17
660	16	7	25
661	9	17	27
662	7	26	16
663	4	13	23
664	25	15	6
665	7	26	16
666	7	16	26
667	6	15	24
668	9	18	28
669	6	26	16
670	16	25	6
671	28	8	18
672	27	18	9
673	27	7	17
674	19	28	9
675	17	8	26
676	27	17	8
677	18	27	8
678	6	25	15
679	25	6	15
680	27	7	17
681	5	14	24
682	8	27	17
683	16	6	25
684	5	14	24
685	18	27	9
686	18	27	9
687	25	15	6
688	26	7	16
689	27	18	8
690	26	16	7
691	17	26	7
692	17	26	8
693	6	15	24
694	8	17	27
695	16	25	7
696	9	28	18
697	17	26	7
698	7	16	25
699	5	24	14
700	27	8	17
701	26	16	7
702	26	6	16
703	5	14	24
704	6	15	27
705	26	7	16
706	17	8	26
707	8	27	17
708	27	8	17
709	17	26	7
710	6	15	24
711	5	14	24
712	24	5	14
713	16	7	25
714	16	25	6
715	16	25	6
716	27	18	8
717	23	4	14
718	7	26	16
719	6	25	15
720	9	18	28
721	26	17	8
722	25	16	6
723	15	24	5
724	24	5	14
725	27	18	8
726	24	5	14
727	25	16	7
728	27	18	8
729	25	16	7
730	17	8	26
731	5	25	15
732	24	4	14
733	5	14	24
734	28	19	9
735	26	7	16
736	18	27	9
737	27	8	17
738	8	27	17
739	15	24	6
740	27	7	17
741	8	17	26
742	8	27	17
743	24	15	5
744	27	18	9
745	8	28	18
746	25	6	15
747	17	26	7
748	5	14	24
749	14	5	23
750	14	5	23
751	25	16	7
752	26	16	7
753	5	24	14
754	28	18	9
755	24	14	5
756	15	24	6
757	27	18	8
758	27	7	17
759	25	5	15
760	5	14	24
761	7	16	26
762	25	15	6
763	27	8	17
764	6	15	24
765	8	17	27
766	16	7	25
767	14	5	23
768	24	4	14
769	6	15	25
770	7	16	26
771	19	27	9
772	5	24	14
773	14	5	23
774	8	27	17
775	15	6	24
776	27	18	8
777	16	24	6
778	17	8	26
779	18	27	9
780	27	8	17
781	4	13	23
782	6	25	15
783	7	26	16
784	8	27	17
785	26	7	16
786	17	8	26
787	15	6	24
788	14	5	23
789	8	17	27
790	25	5	15
791	15	5	23
792	17	26	7
793	6	25	15
794	17	26	8
795	6	15	25
796	5	24	14
797	27	18	6
798	14	23	5
799	5	14	24
800	6	15	25
801	15	6	24
802	5	24	14
803	26	7	16
804	27	18	8
805	6	15	24
806	26	17	8
807	16	25	7
808	7	26	16
809	8	17	27
810	6	25	15
811	25	6	16
812	25	15	6
813	15	6	24
814	18	27	8
815	16	25	7
816	25	6	15
817	7	16	26
818	26	7	16
819	8	17	27
820	17	8	26
821	24	4	14
822	6	15	25
823	16	25	7
824	26	6	16
825	6	15	25
826	17	8	26
827	17	7	26
828	6	25	15
829	6	25	15
830	17	8	26
831	28	19	9
832	17	26	8
833	11	30	20
834	8	27	17
835	27	8	17
836	15	24	6
837	16	25	6
838	25	5	15
839	48	5068	5033
840	8	27	17
841	14	5	23
842	16	25	7
843	26	7	16
844	17	8	26
845	18	27	8
846	17	7	25
847	25	16	7
848	7	27	17
849	18	8	27
850	28	18	9
851	26	7	16
852	5	14	24
853	16	6	25
854	14	5	23
855	18	27	9
856	24	15	5
857	24	5	14
858	7	15	25
859	25	15	6
860	25	16	7
861	14	23	5
862	24	14	5
863	27	8	17
864	6	15	24
865	17	7	25
866	5	14	24
867	17	7	26
868	17	26	8
869	15	24	6
870	27	18	8
871	27	18	8
872	14	5	23
873	8	17	27
874	17	7	26
875	26	17	7
876	24	15	5
877	8	27	18
878	17	7	26
879	6	24	15
880	26	17	7
881	26	7	17
882	7	26	16
883	6	15	25
884	17	26	8
885	7	26	16
886	7	16	26
887	6	25	15
888	27	17	8
889	8	17	27
890	6	15	25
891	26	7	16
892	5	14	24
893	8	27	17
894	27	8	17
895	24	5	14
896	16	25	7
897	17	8	26
898	16	6	25
899	15	24	6
900	5	24	14
901	7	16	26
902	24	5	14
903	23	4	14
904	4	23	14
905	8	17	27
906	5	24	14
907	16	6	25
908	25	6	15
909	26	7	16
910	9	28	18
911	6	25	15
912	26	7	17
913	8	28	18
914	25	15	6
915	16	25	7
916	25	6	15
917	6	15	24
918	26	7	16
919	18	27	8
920	24	15	6
921	24	5	14
922	8	27	17
923	7	27	17
924	15	24	6
925	17	26	8
926	24	15	6
927	6	15	25
928	14	4	23
929	9	28	18
930	9	18	28
931	17	26	8
932	16	25	7
933	26	6	16
934	6	15	25
935	14	4	23
936	5	14	24
937	7	26	16
938	25	6	15
939	14	5	23
940	27	7	17
941	5	14	24
942	25	6	15
943	26	17	7
944	7	25	16
945	7	16	26
946	17	26	7
947	27	17	8
948	16	25	7
949	24	15	5
950	24	5	14
951	27	17	8
952	7	26	16
953	25	6	15
954	17	26	8
955	26	17	7
956	6	15	24
957	7	27	17
958	27	8	17
959	28	18	9
960	6	15	24
961	16	25	7
962	27	7	17
963	18	27	8
964	18	27	9
965	15	5	24
966	26	7	16
967	7	16	26
968	28	9	18
969	15	5	24
970	15	6	24
971	8	27	17
972	27	17	8
973	7	16	25
974	28	8	18
975	6	25	15
976	26	17	8
977	27	18	8
978	25	6	15
979	8	27	17
980	28	9	18
981	15	5	24
982	24	5	15
983	8	27	17
984	16	7	25
985	4	23	13
986	14	5	23
987	8	17	27
988	26	7	16
989	24	15	5
990	25	5	15
991	25	6	15
992	7	16	25
993	15	24	5
994	15	6	24
995	15	6	24
996	26	17	7
997	8	17	26
998	8	17	26
999	17	8	26
