=~=~=~=~=~=~=~=~=~=~=~= PuTTY log 2016.10.07 10:26:47 =~=~=~=~=~=~=~=~=~=~=~=


Reaction test
type	A+B+C
number	1000

max value	65536
unit	us

test	A	B	C
0	218	933	329
1	744	325	830
2	566	136	653
3	699	313	801
4	479	173	579
5	1054	784	49
6	141	1028	246
7	838	676	946
8	384	238	525
9	1101	954	151
10	142	18	276
11	170	92	300
12	217	181	344
13	179	170	270
14	1048	1036	1104
15	315	325	296
16	182	203	149
17	78	142	97
18	405	364	414
19	29	1079	1102
20	591	517	573
21	1023	966	1066
22	199	234	371
23	574	623	738
24	765	883	941
25	655	797	821
26	1077	104	168
27	286	410	523
28	982	1095	117
29	125	229	370
30	21	113	266
31	748	841	990
32	668	702	870
33	791	782	969
34	883	940	1048
35	763	864	930
36	570	710	741
37	8	133	215
38	437	557	663
39	694	803	991
40	507	606	842
41	831	922	91
42	1017	1097	310
43	411	496	817
44	202	299	604
45	378	548	788
46	755	958	59
47	156	394	566
48	848	1090	170
49	196	417	692
50	880	1092	306
51	993	138	432
52	37	345	574
53	578	922	13
54	613	1070	83
55	864	212	306
56	139	585	756
57	426	854	1088
58	579	995	160
59	177	586	943
60	15	420	804
61	386	710	43
62	610	937	268
63	299	632	1063
64	246	623	1000
65	272	666	1024
66	947	245	593
67	698	1100	345
68	582	980	230
69	1069	305	655
70	197	557	953
71	401	758	77
72	411	760	141
73	47	397	886
74	1084	328	823
75	997	246	737
76	321	676	64
77	654	1004	392
78	509	857	251
79	53	359	856
80	660	887	266
81	241	430	910
82	441	582	1107
83	1002	109	651
84	845	1033	513
85	175	343	943
86	484	689	148
87	265	436	922
88	902	1068	452
89	702	853	236
90	953	51	544
91	460	687	65
92	535	725	201
93	658	850	387
94	939	45	694
95	685	883	483
96	886	1076	700
97	460	643	255
98	511	649	237
99	45	164	859
100	115	201	891
101	144	158	840
102	864	913	460
103	220	316	923
104	246	377	939
105	180	351	872
106	362	580	1053
107	283	535	964
108	309	610	987
109	520	853	81
110	621	1041	193
111	850	209	451
112	286	754	1018
113	1108	451	741
114	43	482	798
115	176	612	950
116	32	440	779
117	290	657	994
118	841	60	396
119	645	990	203
120	516	898	80
121	79	512	753
122	963	338	530
123	474	1042	54
124	759	323	344
125	845	467	419
126	472	153	83
127	532	274	188
128	239	77	1066
129	524	387	240
130	1071	970	806
131	648	579	377
132	609	580	341
133	243	233	1051
134	196	177	941
135	380	349	23
136	1085	1075	700
137	652	672	238
138	889	997	526
139	975	1103	603
140	188	288	878
141	50	142	725
142	14	179	695
143	914	1099	490
144	715	903	305
145	823	1007	410
146	983	66	571
147	640	811	211
148	685	827	242
149	890	1014	345
150	641	800	107
151	403	516	914
152	447	526	947
153	490	685	1045
154	629	863	79
155	672	912	169
156	257	485	849
157	19	245	614
158	754	975	241
159	550	724	70
160	398	577	1047
161	575	737	186
162	350	502	1065
163	299	425	990
164	832	1043	413
165	335	577	1024
166	279	598	966
167	700	1052	274
168	81	488	768
169	898	300	479
170	957	424	542
171	713	219	305
172	187	863	902
173	502	120	132
174	256	979	1025
175	1040	640	758
176	929	528	710
177	733	335	573
178	1105	703	986
179	451	84	576
180	436	83	547
181	978	677	1083
182	201	993	265
183	761	468	837
184	410	127	487
185	321	40	406
186	437	153	525
187	613	328	705
188	747	463	842
189	837	551	932
190	276	1097	374
191	501	224	602
192	698	415	784
193	830	518	894
194	311	1029	320
195	899	487	882
196	725	314	715
197	1044	639	1086
198	186	946	294
199	238	995	378
200	1043	708	92
201	482	220	641
202	972	780	28
203	80	1046	239
204	137	1071	264
205	1064	851	48
206	1019	770	1094
207	521	224	535
208	177	995	253
209	196	1015	306
210	279	1102	380
211	649	355	764
212	891	588	997
213	64	878	164
214	1105	828	114
215	485	211	601
216	395	127	510
217	119	955	245
218	581	314	707
219	964	700	1082
220	104	976	212
221	385	147	505
222	41	947	142
223	1049	897	49
224	609	490	707
225	599	437	698
226	649	570	861
227	208	175	458
228	863	798	1077
229	971	829	10
230	443	240	532
231	484	225	527
232	586	288	598
233	112	870	100
234	45	729	1060
235	161	792	20
236	1057	556	888
237	169	761	1083
238	909	399	716
239	1097	587	900
240	408	1006	206
241	538	27	339
242	789	313	637
243	517	40	361
244	833	349	666
245	883	409	711
246	618	137	440
247	760	277	564
248	246	812	1087
249	154	631	892
250	663	27	275
251	90	598	808
252	670	98	287
253	422	972	31
254	563	29	196
255	739	242	416
256	107	733	922
257	322	923	58
258	944	452	693
259	194	804	1021
260	335	949	53
261	914	425	627
262	122	731	913
263	675	171	345
264	659	155	325
265	84	697	900
266	515	12	259
267	691	189	535
268	1059	475	866
269	456	937	211
270	842	219	586
271	870	235	596
272	152	634	981
273	383	866	101
274	564	1028	272
275	435	893	126
276	575	1046	283
277	1090	449	790
278	53	517	859
279	288	751	1101
280	288	744	1081
281	979	326	658
282	916	261	600
283	363	830	52
284	470	940	166
285	828	199	521
286	264	736	1063
287	959	318	638
288	776	146	455
289	941	298	610
290	66	533	827
291	985	348	637
292	875	256	521
293	288	771	45
294	171	652	1071
295	120	651	1046
296	622	94	437
297	464	1046	280
298	67	662	1012
299	77	677	1020
300	7	579	951
301	904	373	733
302	399	1000	227
303	374	962	216
304	509	30	377
305	200	855	76
306	500	72	396
307	123	835	45
308	1053	661	985
309	865	470	878
310	200	894	178
311	139	827	111
312	136	817	127
313	394	1090	430
314	503	85	537
315	487	76	534
316	294	994	351
317	164	859	207
318	436	11	448
319	425	1061	440
320	88	695	112
321	30	639	72
322	309	893	352
323	1023	496	1092
324	495	1101	612
325	516	12	719
326	1049	549	187
327	258	871	556
328	585	99	938
329	601	111	988
330	815	328	141
331	183	836	631
332	527	109	978
333	986	566	279
334	51	778	449
335	544	170	929
336	658	320	1008
337	421	115	772
338	380	88	707
339	103	939	433
340	739	472	11
341	186	1017	578
342	71	893	538
343	459	173	954
344	487	211	993
345	669	391	64
346	794	515	196
347	188	1000	690
348	43	852	511
349	385	85	821
350	815	488	79
351	1011	656	248
352	162	866	505
353	814	407	106
354	158	891	644
355	963	600	389
356	576	246	11
357	434	151	968
358	155	1081	712
359	413	272	963
360	472	328	989
361	882	749	313
362	1044	925	516
363	349	275	944
364	887	747	319
365	441	270	948
366	359	151	829
367	428	163	837
368	1000	705	277
369	1096	819	383
370	752	481	47
371	112	934	510
372	682	401	1087
373	1006	727	305
374	90	922	503
375	714	444	25
376	9	833	418
377	228	1053	628
378	393	109	800
379	897	601	189
380	624	339	1029
381	564	245	932
382	339	1062	634
383	780	319	1006
384	301	951	518
385	549	91	773
386	279	938	517
387	90	747	321
388	854	447	1085
389	801	331	970
390	183	786	326
391	914	430	1001
392	168	824	249
393	696	296	790
394	752	397	846
395	754	454	847
396	191	1026	284
397	844	648	940
398	91	1038	185
399	948	823	1045
400	815	791	912
401	426	416	495
402	266	240	282
403	905	891	879
404	24	14	1100
405	786	795	775
406	400	414	391
407	870	911	888
408	391	431	419
409	729	709	719
410	150	125	140
411	208	176	190
412	337	306	320
413	994	984	963
414	827	836	846
415	724	733	750
416	425	411	441
417	256	226	312
418	778	738	826
419	461	417	510
420	162	126	214
421	272	226	314
422	1048	1004	1088
423	361	338	427
424	223	200	210
425	634	593	616
426	1039	989	1026
427	780	848	838
428	865	978	968
429	1106	138	67
430	371	445	380
431	284	357	297
432	650	751	665
433	656	825	744
434	140	301	225
435	846	932	911
436	735	822	745
437	454	521	463
438	212	221	154
439	213	154	92
440	316	206	135
441	439	279	214
442	882	614	604
443	438	166	150
444	16	793	840
445	321	1097	26
446	665	319	357
447	255	1014	11
448	1066	708	881
449	551	193	422
450	991	622	911
451	699	298	644
452	405	1083	396
453	1004	555	1043
454	722	282	817
455	703	262	825
456	379	1051	532
457	788	364	969
458	553	137	797
459	803	392	1081
460	63	759	386
461	739	345	1088
462	607	216	945
463	360	1066	702
464	89	789	430
465	306	1007	646
466	410	1102	754
467	113	797	454
468	81	759	419
469	1047	617	281
470	805	374	42
471	52	720	379
472	132	797	459
473	772	330	1087
474	1037	605	250
475	760	332	1081
476	405	1097	725
477	259	939	577
478	250	934	579
479	612	187	939
480	1098	686	326
481	994	586	226
482	680	295	1009
483	676	274	994
484	453	42	785
485	537	145	957
486	478	86	946
487	437	48	954
488	498	104	6
489	375	1087	1035
490	566	173	129
491	206	989	877
492	570	227	131
493	901	561	468
494	988	650	559
495	728	383	290
496	354	15	1028
497	23	784	688
498	721	366	267
499	1015	658	564
500	293	1045	958
501	31	755	670
502	869	489	401
503	755	368	280
504	872	484	392
505	892	407	320
506	137	684	593
507	489	1064	945
508	659	187	39
509	210	842	736
510	332	935	924
511	719	236	211
512	113	759	692
513	544	137	6
514	479	124	1038
515	102	908	655
516	527	333	25
517	984	872	426
518	546	430	1089
519	63	946	509
520	327	1094	651
521	12	719	330
522	180	824	435
523	1070	550	146
524	43	623	207
525	544	19	756
526	1082	558	199
527	1043	525	165
528	1063	543	178
529	814	301	1034
530	589	87	800
531	1028	516	128
532	223	826	419
533	83	685	272
534	411	1010	602
535	654	140	846
536	5	591	202
537	814	294	1013
538	1017	486	102
539	688	159	890
540	50	626	252
541	944	414	37
542	514	1085	698
543	845	308	1025
544	699	160	870
545	983	446	50
546	526	1099	687
547	903	365	1049
548	317	892	463
549	223	794	371
550	278	835	411
551	22	590	172
552	76	651	238
553	930	402	1083
554	1083	556	134
555	52	634	211
556	751	233	906
557	1089	575	102
558	109	625	176
559	345	873	431
560	136	713	217
561	653	120	676
562	526	1104	535
563	517	8	533
564	880	353	893
565	463	1021	454
566	1084	479	23
567	791	195	801
568	219	708	206
569	363	824	353
570	393	814	369
571	839	137	818
572	1066	380	1100
573	902	183	911
574	747	30	756
575	704	1046	693
576	438	700	368
577	647	866	542
578	825	1028	732
579	835	1055	747
580	1032	154	947
581	459	795	435
582	286	635	271
583	343	727	334
584	458	819	468
585	546	874	530
586	31	331	1073
587	497	742	404
588	980	118	914
589	782	1082	798
590	821	1056	852
591	40	277	84
592	374	608	429
593	578	866	677
594	331	589	374
595	480	682	506
596	641	782	650
597	762	827	745
598	88	167	70
599	289	404	279
600	229	279	220
601	401	383	372
602	673	663	630
603	557	545	504
604	276	223	172
605	423	413	315
606	456	435	233
607	54	1104	910
608	611	505	339
609	188	54	1025
610	646	543	378
611	286	211	42
612	229	171	87
613	672	700	585
614	523	614	426
615	1020	53	919
616	1092	145	1000
617	133	297	51
618	242	407	158
619	1074	132	982
620	307	492	235
621	805	1003	734
622	676	890	611
623	187	400	119
624	377	590	310
625	179	450	106
626	883	9	800
627	429	648	346
628	1023	160	1008
629	80	272	71
630	560	790	575
631	386	613	435
632	1087	220	82
633	385	640	544
634	202	430	416
635	206	420	401
636	108	327	314
637	592	791	819
638	1097	176	148
639	160	328	301
640	1077	169	75
641	395	625	524
642	725	965	893
643	283	513	440
644	468	686	616
645	486	694	630
646	79	292	212
647	84	226	146
648	953	1072	965
649	933	1066	955
650	1044	70	1084
651	145	217	76
652	442	601	470
653	333	496	424
654	780	946	910
655	647	814	784
656	135	283	271
657	429	618	608
658	321	542	532
659	887	7	1109
660	908	27	40
661	901	45	58
662	810	1071	1083
663	94	362	345
664	827	58	1077
665	65	427	315
666	872	167	7
667	1106	420	237
668	115	587	348
669	395	947	623
670	914	434	13
671	948	462	33
672	442	1072	649
673	615	147	829
674	515	79	740
675	903	511	16
676	233	988	460
677	625	338	856
678	761	509	991
679	1061	858	178
680	992	826	112
681	239	82	455
682	400	233	615
683	571	413	799
684	713	554	953
685	1043	894	178
686	95	1040	359
687	914	765	84
688	786	680	1027
689	298	171	604
690	339	261	657
691	243	176	633
692	136	157	606
693	727	765	89
694	761	827	149
695	351	369	842
696	715	740	94
697	860	907	244
698	445	423	864
699	24	33	402
700	90	106	474
701	271	331	659
702	814	898	87
703	276	470	683
704	185	372	587
705	89	269	501
706	106	282	565
707	407	584	919
708	886	1055	322
709	131	295	755
710	70	233	746
711	337	505	1046
712	892	1108	562
713	1075	210	790
714	967	73	661
715	768	976	575
716	1078	166	935
717	964	44	826
718	567	747	437
719	810	1000	705
720	308	503	222
721	710	909	626
722	510	702	404
723	355	543	246
724	1104	189	979
725	430	597	360
726	1009	33	922
727	1005	1101	925
728	541	663	525
729	928	1013	916
730	78	166	96
731	868	972	962
732	783	922	955
733	841	973	1039
734	419	591	619
735	558	777	768
736	535	788	730
737	356	602	542
738	25	274	205
739	331	571	501
740	1004	131	53
741	1098	224	148
742	1076	213	122
743	298	583	509
744	884	47	37
745	344	644	658
746	677	977	1017
747	919	106	137
748	459	755	801
749	1080	242	363
750	692	957	24
751	643	898	1078
752	271	506	687
753	1088	190	391
754	113	218	508
755	926	1028	295
756	317	307	762
757	506	449	907
758	90	120	584
759	34	75	528
760	981	1015	341
761	71	80	519
762	640	662	1070
763	152	143	456
764	416	407	659
765	1063	1054	146
766	764	755	898
767	579	556	665
768	1027	936	1037
769	334	180	343
770	337	116	272
771	651	374	524
772	1034	728	866
773	1082	753	895
774	895	528	675
775	503	139	272
776	1100	753	905
777	660	296	568
778	599	235	555
779	956	590	926
780	544	130	462
781	922	480	806
782	29	636	960
783	593	62	385
784	541	1057	271
785	1088	463	783
786	307	792	1118
787	990	359	635
788	120	561	843
789	734	1088	249
790	529	868	32
791	715	1047	220
792	186	510	792
793	561	869	42
794	575	887	113
795	887	93	424
796	353	606	947
797	1042	205	531
798	964	151	493
799	1105	266	606
800	364	577	913
801	1013	72	411
802	104	232	562
803	1066	60	389
804	391	460	782
805	279	336	640
806	696	835	1072
807	36	216	410
808	532	750	900
809	200	463	569
810	319	575	681
811	79	396	455
812	371	718	748
813	957	269	241
814	95	546	485
815	577	1073	972
816	256	806	645
817	653	141	1029
818	138	823	503
819	371	125	718
820	486	272	839
821	174	1053	551
822	362	137	755
823	836	624	137
824	1101	789	349
825	979	669	238
826	980	659	246
827	512	189	886
828	160	956	537
829	1012	696	281
830	719	403	1092
831	645	341	1027
832	785	470	43
833	348	26	710
834	427	108	789
835	246	1013	607
836	644	301	982
837	281	982	561
838	489	146	780
839	9	819	298
840	134	952	423
841	771	490	1073
842	598	320	898
843	894	613	92
844	552	278	864
845	779	495	1084
846	912	578	57
847	1107	670	166
848	294	940	438
849	993	492	1096
850	528	51	620
851	716	218	804
852	126	755	246
853	518	106	629
854	165	860	305
855	448	35	620
856	475	61	670
857	1043	610	186
858	660	234	924
859	543	120	841
860	745	329	1089
861	99	808	499
862	424	74	850
863	995	575	237
864	901	485	143
865	703	229	1046
866	447	1080	774
867	769	304	1089
868	832	373	45
869	255	921	533
870	572	117	822
871	220	922	451
872	1084	701	226
873	668	310	927
874	957	591	85
875	507	167	779
876	533	215	795
877	261	1065	510
878	511	168	723
879	698	267	834
880	511	86	658
881	885	430	1002
882	988	493	1074
883	1078	589	53
884	720	236	800
885	388	1023	510
886	1046	536	25
887	26	575	73
888	165	641	174
889	727	36	679
890	1086	403	1073
891	556	982	573
892	658	1008	649
893	530	859	497
894	505	816	449
895	488	750	381
896	579	776	408
897	196	377	14
898	848	1028	674
899	964	48	791
900	750	946	581
901	666	861	505
902	712	913	554
903	324	522	174
904	45	235	993
905	119	351	10
906	588	837	518
907	507	790	492
908	752	1026	725
909	529	711	414
910	876	1012	715
911	952	983	717
912	413	497	181
913	1104	123	868
914	619	810	403
915	982	111	762
916	600	880	383
917	530	824	306
918	21	376	889
919	75	472	945
920	577	971	323
921	467	888	218
922	40	480	909
923	15	461	893
924	145	596	1066
925	374	809	248
926	175	622	36
927	639	64	518
928	349	913	221
929	919	391	808
930	97	674	32
931	778	255	710
932	366	941	340
933	930	386	946
934	842	307	892
935	1098	571	99
936	16	602	185
937	560	41	751
938	315	921	545
939	134	779	418
940	1053	622	227
941	802	456	1078
942	1026	733	194
943	295	77	591
944	775	606	1070
945	102	1053	389
946	42	981	321
947	690	536	988
948	861	708	72
949	431	280	749
950	370	215	681
951	1057	900	255
952	745	596	1062
953	373	229	692
954	168	29	493
955	1065	944	295
956	645	517	987
957	425	299	779
958	827	702	87
959	765	651	42
960	247	133	630
961	154	36	544
962	449	338	836
963	617	502	1005
964	313	208	716
965	883	782	241
966	470	376	991
967	254	162	849
968	379	285	984
969	291	197	901
970	670	577	179
971	470	372	1101
972	257	162	890
973	165	72	793
974	1008	904	526
975	140	51	777
976	860	754	394
977	294	192	939
978	985	907	561
979	533	443	108
980	247	149	917
981	813	717	406
982	74	1094	849
983	1091	998	736
984	431	338	78
985	839	746	492
986	190	97	950
987	171	70	934
988	996	891	643
989	330	219	1086
990	1059	948	716
991	692	577	351
992	970	857	631
993	1094	970	747
994	360	241	34
995	551	427	210
996	974	845	637
997	619	493	288
998	1108	982	779
999	846	705	516


Reaction test
type	A+B+C
number	1000

max value	65536
unit	us

test	A	B	C
0	73	170	87
1	129	46	20
2	114	46	104
3	176	162	152
4	58	5	26
5	57	47	164
6	76	102	89
7	81	11	170
8	106	125	116
9	69	87	49
10	108	73	117
11	97	8	71
12	98	8	166
13	150	163	137
14	7	132	173
15	7	142	124
16	135	109	125
17	126	135	145
18	117	108	88
19	72	119	97
20	174	41	51
21	169	179	92
22	155	189	179
23	55	75	65
24	6	17	39
25	28	37	47
26	132	118	145
27	83	55	39
28	44	34	53
29	65	122	78
30	165	174	147
31	71	80	98
32	89	142	132
33	168	14	37
34	46	26	36
35	16	187	177
36	42	109	99
37	16	118	132
38	155	8	142
39	166	179	157
40	14	123	24
41	158	54	122
42	170	28	39
43	57	47	81
44	76	158	144
45	48	26	167
46	170	160	48
47	81	95	57
48	12	21	131
49	99	19	83
50	111	70	97
51	177	186	86
52	158	33	167
53	112	11	75
54	94	85	75
55	35	102	44
56	43	131	52
57	29	49	39
58	12	49	58
59	97	171	180
60	28	37	9
61	149	139	30
62	20	29	43
63	127	56	136
64	73	63	82
65	85	95	133
66	97	52	155
67	87	120	54
68	124	133	114
69	153	95	110
70	95	104	34
71	5	16	26
72	169	7	17
73	45	54	95
74	140	170	158
75	82	58	72
76	23	85	96
77	79	69	8
78	134	124	147
79	134	154	51
80	174	51	30
81	32	21	54
82	159	67	8
83	142	90	171
84	140	159	149
85	133	92	83
86	22	9	178
87	76	155	168
88	147	38	156
89	78	100	110
90	129	160	113
91	110	100	119
92	125	108	93
93	42	66	56
94	20	44	34
95	85	94	76
96	159	74	133
97	39	171	53
98	138	8	156
99	108	93	83
100	112	61	34
101	145	62	13
102	7	133	20
103	128	152	142
104	166	122	140
105	14	22	124
106	44	64	54
107	88	31	125
108	154	107	97
109	87	111	101
110	90	13	73
111	52	103	93
112	102	156	171
113	170	152	179
114	121	161	134
115	94	114	104
116	93	22	102
117	112	101	91
118	151	138	87
119	125	52	150
120	86	105	95
121	72	10	88
122	89	102	128
123	102	82	92
124	114	164	174
125	46	56	68
126	91	110	123
127	39	66	54
128	18	51	41
129	61	124	134
130	147	40	162
131	137	113	127
132	34	43	22
133	46	138	78
134	51	173	60
135	133	88	79
136	163	130	172
137	89	80	98
138	24	7	33
139	32	54	67
140	153	63	166
141	6	84	100
142	84	32	93
143	163	153	143
144	48	143	132
145	89	173	76
146	105	147	115
147	25	11	36
148	171	154	85
149	44	68	79
150	42	51	152
151	87	100	69
152	136	56	162
153	131	118	145
154	164	148	174
155	128	55	138
156	23	131	44
157	147	164	174
158	127	153	143
159	63	17	40
160	26	44	54
161	49	40	135
162	75	98	108
163	177	160	29
164	162	27	17
165	60	51	41
166	138	32	150
167	170	139	54
168	40	55	107
169	120	49	39
170	50	26	39
171	42	61	51
172	6	132	142
173	107	20	29
174	84	73	150
175	150	139	127
176	137	150	30
177	60	69	47
178	169	9	157
179	77	91	51
180	98	107	56
181	44	109	93
182	28	163	44
183	39	123	142
184	41	121	142
185	44	79	33
186	24	180	159
187	106	34	50
188	92	101	82
189	126	150	114
190	96	83	136
191	133	145	155
192	152	7	44
193	167	25	35
194	31	69	59
195	141	107	131
196	73	92	82
197	69	60	159
198	12	103	113
199	153	88	9
200	146	127	136
201	154	46	144
202	48	34	12
203	64	37	28
204	148	157	49
205	121	167	157
206	105	127	117
207	120	49	58
208	91	100	154
209	116	126	85
210	11	22	107
211	162	171	57
212	56	65	89
213	91	176	28
214	30	63	48
215	79	12	70
216	141	121	131
217	187	178	17
218	165	124	155
219	30	88	141
220	48	23	38
221	153	172	162
222	25	16	171
223	47	38	29
224	107	119	94
225	23	79	108
226	144	68	91
227	93	48	39
228	94	10	136
229	60	78	50
230	79	163	7
231	106	68	89
232	85	71	171
233	142	59	42
234	45	26	138
235	100	91	20
236	89	52	43
237	134	121	111
238	110	123	100
239	114	42	132
240	166	155	176
241	115	124	105
242	11	129	172
243	93	30	42
244	9	81	163
245	144	124	134
246	178	187	18
247	83	62	73
248	66	135	43
249	114	104	91
250	140	106	97
251	41	31	22
252	55	38	11
253	176	46	97
254	145	56	65
255	27	37	50
256	148	132	168
257	88	97	107
258	109	123	133
259	31	47	17
260	164	173	36
261	18	6	37
262	140	108	24
263	99	117	107
264	62	71	53
265	175	184	9
266	73	31	64
267	18	9	177
268	134	120	143
269	15	175	158
270	124	108	91
271	84	151	92
272	43	157	67
273	166	63	99
274	166	5408	157
275	99	147	133
276	84	40	70
277	15	116	105
278	46	158	55
279	150	141	100
280	146	41	130
281	70	145	165
282	84	157	172
283	147	163	61
284	108	97	172
285	55	64	77
286	160	104	113
287	29	158	76
288	7	98	146
289	78	168	63
290	50	119	41
291	85	70	167
292	104	120	20
293	120	129	104
294	51	87	16
295	98	113	75
296	158	28	41
297	61	82	95
298	68	29	40
299	108	71	122
300	137	162	6
301	103	115	126
302	106	7	168
303	40	106	76
304	152	165	10
305	67	101	111
306	183	173	192
307	115	58	123
308	14	91	155
309	127	21	38
310	152	138	112
311	146	136	20
312	92	106	29
313	33	81	136
314	147	161	30
315	121	156	165
316	155	130	170
317	154	179	169
318	113	122	68
319	65	74	29
320	129	138	116
321	11	167	157
322	145	135	126
323	54	40	26
324	131	140	112
325	74	83	63
326	102	41	92
327	118	137	127
328	14	169	157
329	133	142	152
330	45	26	55
331	133	152	142
332	78	110	68
333	6	161	171
334	51	123	64
335	49	66	108
336	30	57	20
337	98	157	113
338	141	166	129
339	9	175	185
340	107	118	128
341	50	59	69
342	13	33	22
343	68	58	39
344	101	128	118
345	166	184	175
346	35	119	109
347	37	59	47
348	158	12	173
349	93	57	83
350	116	78	95
351	156	136	146
352	60	51	118
353	105	95	151
354	75	65	84
355	16	25	35
356	94	84	62
357	152	161	139
358	75	94	107
359	66	54	42
360	163	7	17
361	154	29	139
362	60	50	37
363	171	143	161
364	85	24	104
365	79	99	89
366	31	21	40
367	58	15	108
368	19	51	126
369	35	108	118
370	23	78	41
371	14	100	156
372	126	57	72
373	59	68	8
374	51	121	131
375	132	146	61
376	154	163	144
377	179	13	188
378	83	117	156
379	60	41	145
380	76	27	136
381	7	47	157
382	115	106	124
383	68	15	153
384	68	77	54
385	18	9	153
386	45	33	57
387	66	75	158
388	44	18	35
389	66	75	85
390	154	166	83
391	37	47	28
392	161	99	79
393	95	107	141
394	20	10	179
395	130	54	7
396	48	57	38
397	55	11	176
398	83	69	159
399	114	123	105
400	120	95	8
401	98	11	86
402	54	31	138
403	15	122	135
404	82	72	175
405	48	38	58
406	131	109	38
407	37	124	48
408	140	86	168
409	71	82	92
410	134	110	52
411	14	187	177
412	120	129	96
413	18	110	122
414	166	103	113
415	74	43	52
416	6	132	145
417	104	32	124
418	156	79	30
419	127	21	117
420	141	56	124
421	11	40	123
422	96	127	117
423	67	80	58
424	8	175	185
425	172	136	146
426	85	151	141
427	135	7	165
428	20	9	32
429	170	58	70
430	147	11	73
431	176	18	118
432	51	60	70
433	126	60	70
434	151	160	110
435	23	36	177
436	75	111	145
437	136	126	117
438	128	114	137
439	36	15	26
440	150	58	140
441	176	135	163
442	113	99	124
443	142	151	130
444	129	90	141
445	125	58	135
446	130	63	108
447	167	106	176
448	17	88	78
449	77	17	98
450	14	141	27
451	41	29	64
452	32	22	82
453	45	154	63
454	81	91	72
455	16	28	176
456	23	5	168
457	104	58	74
458	109	142	132
459	175	141	165
460	168	24	15
461	136	69	172
462	82	111	11
463	27	116	176
464	88	15	75
465	45	164	174
466	89	137	127
467	172	163	153
468	125	113	93
469	16	67	25
470	90	81	99
471	46	91	58
472	7	41	20
473	159	70	137
474	149	51	139
475	98	14	127
476	83	124	62
477	125	116	27
478	158	94	69
479	66	30	55
480	76	39	51
481	150	171	161
482	46	85	70
483	147	85	75
484	151	171	118
485	83	150	63
486	33	164	154
487	110	123	175
488	56	69	148
489	95	112	163
490	167	23	14
491	67	25	16
492	178	168	159
493	45	16	173
494	103	83	71
495	149	97	123
496	153	167	88
497	45	36	27
498	167	68	117
499	73	82	143
500	74	170	57
501	16	25	64
502	117	171	181
503	159	118	149
504	138	82	156
505	110	79	101
506	34	47	97
507	14	173	27
508	80	61	70
509	106	132	120
510	148	134	73
511	105	150	95
512	99	90	118
513	112	102	93
514	156	79	7
515	121	130	167
516	37	115	126
517	76	103	93
518	79	122	109
519	140	105	128
520	145	99	131
521	78	40	52
522	140	164	150
523	113	127	91
524	129	40	55
525	112	153	12
526	161	88	171
527	35	23	51
528	139	119	151
529	74	30	18
530	81	56	172
531	61	49	151
532	24	7	142
533	67	103	118
534	79	91	146
535	89	110	80
536	97	79	119
537	6	78	63
538	127	110	67
539	102	141	121
540	42	23	32
541	149	140	158
542	186	110	176
543	71	61	52
544	108	71	50
545	39	24	13
546	20	29	39
547	37	127	20
548	48	11	27
549	173	15	141
550	107	54	42
551	137	156	146
552	74	160	65
553	122	156	69
554	21	33	8
555	49	113	58
556	33	14	42
557	172	148	162
558	91	111	101
559	35	21	44
560	128	108	77
561	113	122	132
562	81	112	168
563	62	33	50
564	124	8	114
565	114	105	123
566	104	95	83
567	84	93	103
568	178	187	91
569	21	105	12
570	26	16	179
571	148	84	158
572	13	38	26
573	91	34	17
574	94	38	7
575	114	25	34
576	133	124	142
577	133	124	97
578	156	140	81
579	102	70	89
580	32	51	41
581	105	82	165
582	55	68	45
583	50	7	136
584	161	147	138
585	89	98	153
586	88	22	78
587	62	170	160
588	117	37	104
589	160	169	179
590	77	182	172
591	119	91	109
592	81	90	176
593	73	82	45
594	8	21	132
595	109	123	133
596	67	39	103
597	178	161	10
598	31	41	22
599	151	86	76
600	151	62	53
601	170	149	13
602	86	99	71
603	86	61	75
604	119	72	109
605	49	28	62
606	15	123	26
607	54	69	172
608	80	160	6
609	33	24	7
610	156	139	117
611	29	19	10
612	98	115	29
613	35	55	45
614	171	42	57
615	20	29	10
616	28	55	45
617	164	127	107
618	93	82	19
619	68	84	97
620	28	63	76
621	19	87	118
622	42	32	20
623	160	151	106
624	48	57	67
625	6	63	147
626	24	13	98
627	157	174	82
628	144	153	20
629	61	80	70
630	91	74	56
631	82	5336	73
632	20	126	146
633	33	23	9
634	83	107	96
635	43	63	146
636	159	144	32
637	46	64	151
638	144	153	163
639	148	64	135
640	84	74	65
641	18	132	142
642	85	94	104
643	91	81	100
644	154	145	136
645	172	158	147
646	69	94	84
647	131	52	140
648	121	174	20
649	98	34	25
650	38	101	174
651	12	98	26
652	54	63	126
653	176	185	166
654	175	74	8
655	120	139	129
656	28	72	62
657	177	44	167
658	81	14	67
659	31	17	7
660	111	72	98
661	148	167	157
662	182	147	172
663	107	97	33
664	65	167	177
665	100	130	120
666	145	162	172
667	164	173	183
668	166	175	5
669	43	19	52
670	12	123	22
671	91	173	62
672	27	17	36
673	53	41	124
674	127	146	136
675	44	22	13
676	149	129	139
677	17	88	105
678	81	18	71
679	172	162	12
680	125	94	45
681	21	33	47
682	116	162	175
683	96	163	105
684	120	148	139
685	119	148	32
686	42	51	97
687	92	101	172
688	49	58	68
689	131	146	45
690	123	114	104
691	96	24	116
692	151	78	61
693	50	115	65
694	44	53	63
695	54	96	44
696	164	173	151
697	89	99	80
698	132	108	122
699	171	151	161
700	72	6	62
701	163	126	116
702	188	164	178
703	28	37	18
704	123	105	132
705	149	24	137
706	98	12	27
707	69	80	90
708	134	143	177
709	182	5	172
710	169	122	44
711	8	29	19
712	100	158	148
713	102	85	124
714	168	121	9
715	84	121	94
716	146	55	67
717	54	62	28
718	151	37	100
719	109	146	97
720	146	155	164
721	165	175	74
722	115	124	22
723	157	94	85
724	60	126	51
725	63	151	48
726	157	147	172
727	103	84	112
728	168	87	99
729	121	100	130
730	164	19	173
731	18	50	112
732	140	153	77
733	119	109	156
734	108	70	153
735	172	24	120
736	9	19	178
737	169	178	89
738	8	21	165
739	180	170	161
740	20	39	53
741	15	48	38
742	72	45	63
743	138	63	128
744	67	97	50
745	146	136	127
746	162	171	152
747	101	120	86
748	87	96	74
749	170	144	54
750	6	48	35
751	160	169	151
752	37	28	107
753	40	149	139
754	103	94	83
755	154	75	65
756	141	62	154
757	155	175	165
758	26	81	71
759	51	143	41
760	51	65	32
761	120	150	140
762	119	71	174
763	121	158	149
764	183	174	63
765	89	18	102
766	129	178	141
767	134	29	150
768	16	99	108
769	44	142	53
770	162	9	59
771	125	139	174
772	125	106	115
773	140	39	49
774	45	36	54
775	72	56	85
776	24	36	123
777	121	98	56
778	153	89	143
779	99	89	108
780	149	131	119
781	144	13	134
782	21	33	44
783	129	157	167
784	105	114	92
785	55	95	46
786	166	28	121
787	77	148	165
788	25	16	99
789	114	92	127
790	11	166	176
791	24	8	83
792	28	13	158
793	136	159	127
794	53	27	63
795	163	57	130
796	29	38	15
797	154	144	135
798	163	20	10
799	36	45	24
800	6	17	174
801	179	170	150
802	109	60	123
803	121	145	135
804	79	89	69
805	146	127	117
806	35	182	172
807	131	147	64
808	84	75	40
809	132	8	149
810	96	110	37
811	135	174	7
812	173	157	9
813	160	151	93
814	148	158	139
815	28	133	172
816	75	16	93
817	152	107	167
818	165	70	147
819	51	152	33
820	114	171	159
821	45	135	62
822	144	128	84
823	52	95	61
824	174	15	6
825	21	41	31
826	9	33	23
827	146	65	167
828	74	18	96
829	48	108	39
830	141	116	155
831	102	83	92
832	161	41	32
833	131	61	52
834	121	130	152
835	130	144	13
836	151	48	135
837	138	73	56
838	147	156	137
839	45	36	27
840	144	130	153
841	150	169	159
842	106	119	129
843	88	97	107
844	96	57	110
845	128	118	109
846	142	48	112
847	149	161	175
848	51	115	23
849	6	89	108
850	36	152	45
851	95	83	105
852	137	76	115
853	63	84	94
854	160	25	76
855	21	109	54
856	42	155	69
857	160	145	70
858	8	169	179
859	143	134	120
860	165	78	62
861	91	67	81
862	86	77	64
863	58	109	70
864	138	129	102
865	19	51	61
866	151	160	134
867	146	171	159
868	61	124	106
869	58	67	82
870	167	14	30
871	97	87	5347
872	83	109	97
873	167	39	19
874	115	124	103
875	101	77	109
876	37	58	48
877	114	123	89
878	42	51	61
879	101	82	91
880	65	132	118
881	176	185	145
882	104	117	77
883	21	40	30
884	37	99	127
885	146	11	97
886	117	71	29
887	134	124	143
888	80	89	122
889	88	76	115
890	52	105	42
891	131	122	140
892	121	92	104
893	97	88	106
894	108	85	96
895	99	51	153
896	176	108	10
897	145	157	119
898	50	60	69
899	164	155	15
900	14	112	24
901	162	8	75
902	25	16	163
903	160	131	150
904	181	172	12
905	95	85	104
906	108	93	8
907	48	103	118
908	30	52	62
909	119	132	170
910	168	118	178
911	112	83	99
912	64	32	50
913	40	63	30
914	72	62	50
915	92	27	112
916	18	65	47
917	145	110	135
918	92	169	82
919	164	173	183
920	92	101	83
921	47	56	150
922	184	175	102
923	56	99	135
924	63	87	76
925	156	126	117
926	149	118	109
927	7	42	25
928	146	137	127
929	9	30	20
930	118	127	136
931	165	142	175
932	119	99	109
933	153	120	143
934	110	148	120
935	144	122	6
936	51	27	154
937	160	147	169
938	39	130	117
939	155	166	176
940	5	126	137
941	71	45	81
942	158	49	70
943	85	99	109
944	53	11	43
945	34	21	43
946	52	106	43
947	126	9	34
948	127	118	97
949	91	81	23
950	55	64	33
951	103	113	153
952	26	143	36
953	30	105	39
954	126	115	21
955	21	171	88
956	104	132	114
957	18	111	89
958	109	48	86
959	173	84	5
960	94	49	106
961	125	139	150
962	29	45	55
963	65	85	73
964	14	117	41
965	221	201	211
966	139	39	154
967	166	63	50
968	12	188	178
969	57	42	156
970	157	83	143
971	78	69	125
972	19	9	170
973	65	126	136
974	153	80	31
975	137	128	119
976	77	173	66
977	137	42	101
978	73	126	36
979	69	167	156
980	18	37	27
981	92	101	111
982	23	144	47
983	117	75	65
984	130	121	154
985	46	28	55
986	149	125	139
987	85	97	76
988	176	157	185
989	114	102	92
990	142	177	10
991	131	43	155
992	138	76	48
993	65	41	148
994	62	52	71
995	171	89	98
996	165	146	175
997	41	61	51
998	39	73	83
999	72	85	97


Reaction test
type	A+B+C
number	1000

max value	65536
unit	us

test	A	B	C
0	165	156	17
1	158	166	144
2	116	106	97
3	92	101	160
4	58	151	67
5	127	118	136
6	67	57	76
7	157	137	147
8	85	60	151
9	21	80	30
10	78	69	108
11	128	118	174
12	34	86	23
13	39	82	13
14	47	56	65
15	174	153	162
16	14	157	74
17	161	87	96
18	118	77	98
19	100	137	86
20	37	83	54
21	158	168	119
22	136	51	126
23	71	23	12
24	98	6	88
25	126	117	166
26	131	84	36
27	20	29	39
28	20	123	29
29	112	57	135
30	153	39	49
31	20	69	85
32	126	34	112
33	57	48	168
34	69	34	116
35	58	169	179
36	113	86	104
37	66	164	138
38	96	121	105
39	56	86	76
40	174	71	90
41	133	31	22
42	96	84	110
43	98	178	165
44	7	129	150
45	57	44	24
46	148	138	123
47	148	65	74
48	111	62	75
49	180	171	62
50	42	133	30
51	152	126	114
52	129	74	61
53	152	105	114
54	96	77	86
55	65	53	78
56	92	75	101
57	47	38	24
58	12	21	143
59	45	6	100
60	99	35	150
61	10	24	157
62	58	48	39
63	124	115	103
64	43	57	66
65	73	95	105
66	84	60	74
67	51	42	167
68	150	130	140
69	144	90	160
70	133	35	123
71	61	5305	51
72	150	134	117
73	152	135	45
74	125	156	137
75	127	156	143
76	35	129	120
77	166	176	155
78	40	161	52
79	71	5325	62
80	64	74	84
81	46	54	110
82	181	136	171
83	37	68	58
84	9	178	105
85	160	151	71
86	165	56	25
87	157	166	6
88	72	59	98
89	28	81	101
90	58	40	157
91	91	37	106
92	139	157	27
93	175	184	166
94	90	165	14
95	185	175	142
96	75	168	151
97	163	149	118
98	19	10	28
99	50	65	41
100	60	69	134
101	137	106	22
102	98	151	59
103	18	69	39
104	150	163	72
105	72	133	46
106	53	75	37
107	73	53	63
108	11	53	63
109	74	64	118
110	163	99	172
111	75	92	109
112	73	63	43
113	161	152	76
114	129	49	112
115	92	69	82
116	144	125	134
117	98	86	108
118	134	102	88
119	160	150	174
120	28	153	14
121	168	140	158
122	14	84	72
123	158	139	47
124	56	112	122
125	120	38	75
126	42	21	32
127	158	11	140
128	78	69	50
129	178	187	197
130	101	110	125
131	29	38	137
132	37	25	52
133	127	117	108
134	83	57	122
135	143	134	153
136	100	124	114
137	119	35	105
138	145	103	133
139	92	80	71
140	104	13	47
141	100	21	170
142	90	8	129
143	57	113	66
144	96	71	86
145	123	105	133
146	95	104	44
147	58	113	146
148	123	53	113
149	127	10	148
150	175	140	155
151	165	138	49
152	127	142	78
153	174	141	129
154	174	65	75
155	85	18	31
156	136	70	119
157	122	132	107
158	170	104	83
159	27	109	36
160	86	13	98
161	91	152	162
162	41	113	131
163	89	27	176
164	166	152	141
165	42	96	51
166	133	120	143
167	42	65	87
168	107	49	133
169	81	5	58
170	168	59	75
171	60	125	102
172	117	48	104
173	16	7	106
174	39	152	67
175	167	22	95
176	47	37	27
177	59	31	49
178	143	160	169
179	51	102	118
180	30	40	20
181	157	133	146
182	126	146	136
183	163	153	86
184	58	68	42
185	171	180	190
186	169	149	159
187	10	20	30
188	96	18	27
189	161	136	151
190	81	37	13
191	169	1657	59
192	72	148	39
193	38	123	52
194	7	120	86
195	141	150	132
196	168	159	128
197	162	74	116
198	144	103	155
199	13	151	38
200	145	155	132
201	172	55	159
202	155	138	49
203	174	182	164
204	29	12	74
205	161	31	22
206	86	164	154
207	162	144	177
208	14	89	156
209	69	58	78
210	91	79	137
211	52	150	167
212	82	23	58
213	65	95	151
214	30	49	66
215	172	108	160
216	110	129	119
217	137	103	146
218	48	57	126
219	105	96	126
220	170	88	145
221	6	95	146
222	177	43	186
223	54	78	8
224	52	85	134
225	157	11	173
226	17	86	160
227	149	38	61
228	75	66	93
229	34	94	104
230	72	81	144
231	19	122	31
232	88	77	67
233	93	158	105
234	156	75	8
235	126	159	147
236	53	41	126
237	108	118	62
238	26	54	157
239	87	37	175
240	135	145	161
241	110	128	141
242	135	29	106
243	37	124	23
244	34	72	128
245	20	7	65
246	51	42	169
247	155	53	62
248	62	77	169
249	146	81	21
250	77	129	152
251	40	49	31
252	135	144	126
253	94	74	84
254	153	134	143
255	76	89	99
256	33	151	15
257	63	159	88
258	146	134	155
259	173	163	103
260	137	94	78
261	143	163	33
262	36	48	110
263	76	85	135
264	170	54	135
265	163	69	153
266	115	94	128
267	20	89	103
268	71	90	62
269	61	23	124
270	63	92	82
271	175	141	125
272	20	45	34
273	7	154	168
274	117	100	83
275	34	43	111
276	22	147	31
277	20	174	122
278	76	10	137
279	93	83	44
280	175	20	10
281	131	145	155
282	173	35	93
283	164	122	54
284	37	27	69
285	58	158	148
286	117	169	9
287	132	144	155
288	101	37	47
289	36	22	97
290	51	68	77
291	60	7	157
292	51	93	108
293	93	167	31
294	35	97	132
295	36	50	172
296	153	143	66
297	100	87	115
298	170	35	179
299	98	140	89
300	117	93	61
301	138	99	125
302	10	167	53
303	43	33	113
304	75	34	92
305	157	167	15
306	60	92	69
307	141	14	175
308	42	32	23
309	109	42	122
310	177	158	167
311	43	52	131
312	173	19	119
313	112	42	55
314	56	65	161
315	163	172	147
316	153	99	110
317	174	12	183
318	124	34	19
319	129	51	108
320	158	36	167
321	106	83	16
322	120	131	142
323	31	22	12
324	38	75	52
325	163	86	6
326	146	137	155
327	154	140	163
328	172	159	11
329	68	56	39
330	133	118	95
331	114	123	133
332	73	86	35
333	158	114	67
334	106	6	78
335	133	38	18
336	14	67	42
337	66	121	56
338	108	87	16
339	88	107	97
340	81	163	96
341	108	51	84
342	68	134	120
343	32	129	41
344	142	92	158
345	106	115	125
346	22	31	104
347	92	8	105
348	91	173	159
349	68	138	56
350	169	136	155
351	67	155	5
352	122	132	98
353	81	153	162
354	108	99	7
355	98	87	17
356	56	42	30
357	130	22	34
358	73	110	87
359	58	155	36
360	22	81	110
361	34	107	48
362	123	113	97
363	52	26	42
364	103	87	153
365	117	78	92
366	164	38	53
367	133	156	146
368	156	11	170
369	133	84	93
370	18	124	27
371	170	9	160
372	182	173	107
373	135	124	25
374	119	76	130
375	63	11	72
376	63	95	109
377	68	37	53
378	164	141	93
379	126	108	30
380	140	131	31
381	72	109	122
382	157	16	101
383	153	250	112
384	172	86	181
385	92	156	74
386	168	11	20
387	121	9	84
388	115	39	29
389	160	99	85
390	33	24	15
391	139	152	23
392	168	142	157
393	48	61	165
394	110	135	121
395	102	133	123
396	161	148	176
397	19	28	173
398	96	105	115
399	168	98	107
400	150	126	50
401	24	115	103
402	126	113	100
403	125	142	69
404	130	7	65
405	91	127	104
406	118	93	15
407	172	96	162
408	99	70	87
409	156	130	23
410	130	159	89
411	97	27	176
412	62	29	135
413	14	26	111
414	81	93	38
415	153	22	128
416	138	156	171
417	78	66	54
418	162	132	172
419	169	64	159
420	100	35	110
421	47	75	65
422	148	158	168
423	91	70	105
424	118	141	109
425	29	125	157
426	55	117	15
427	117	38	23
428	94	77	22
429	60	50	143
430	158	76	60
431	105	114	123
432	143	59	5309
433	167	176	186
434	59	45	158
435	25	15	38
436	124	67	77
437	95	128	118
438	12	160	148
439	138	147	128
440	110	69	123
441	98	85	144
442	153	144	131
443	48	19	120
444	71	56	47
445	132	100	149
446	160	95	112
447	69	108	134
448	164	8	154
449	170	160	126
450	142	17	30
451	78	100	88
452	148	79	100
453	130	144	154
454	110	17	119
455	82	171	161
456	21	159	143
457	43	63	73
458	28	114	104
459	50	40	59
460	104	113	123
461	36	13	124
462	34	140	127
463	121	141	129
464	9	158	170
465	143	91	152
466	45	89	29
467	29	43	53
468	67	115	103
469	168	142	16
470	155	164	57
471	98	107	19
472	164	73	150
473	125	89	106
474	11	169	142
475	153	45	92
476	74	55	64
477	171	51	180
478	7	42	25
479	172	163	153
480	63	80	90
481	130	69	86
482	178	168	12
483	75	53	85
484	108	133	122
485	96	177	80
486	21	165	37
487	122	139	154
488	127	39	55
489	20	91	104
490	92	134	105
491	60	95	85
492	74	53	123
493	166	147	14
494	117	102	40
495	79	87	69
496	81	112	93
497	93	129	119
498	51	69	155
499	84	104	94
500	63	35	48
501	17	115	128
502	173	182	192
503	86	77	95
504	47	28	37
505	106	82	96
506	118	130	141
507	64	31	125
508	35	104	84
509	159	36	19
510	137	118	127
511	101	29	84
512	63	139	30
513	105	96	149
514	105	77	95
515	116	86	29
516	176	8	158
517	55	42	19
518	166	13	156
519	31	21	164
520	115	105	129
521	61	52	70
522	157	105	167
523	27	174	17
524	100	116	34
525	60	51	5487
526	115	65	129
527	172	181	10
528	162	32	171
529	136	147	176
530	119	147	137
531	102	31	92
532	117	107	155
533	62	153	143
534	105	68	92
535	81	34	22
536	19	69	54
537	13	37	27
538	69	47	37
539	133	142	158
540	53	151	44
541	61	81	71
542	11	46	23
543	95	45	35
544	151	63	111
545	77	68	99
546	155	98	108
547	80	45	57
548	38	19	8
549	111	102	7
550	54	173	69
551	96	68	86
552	166	144	125
553	151	165	8
554	133	113	123
555	47	37	12
556	42	140	51
557	170	143	158
558	174	140	150
559	100	5	19
560	54	66	75
561	139	105	126
562	162	146	128
563	104	131	145
564	178	152	123
565	144	122	112
566	126	43	104
567	118	127	5372
568	186	154	176
569	58	80	90
570	134	123	144
571	93	16	26
572	110	60	47
573	81	149	137
574	166	98	51
575	36	16	26
576	116	162	32
577	162	153	55
578	51	131	164
579	63	112	96
580	133	64	55
581	152	26	174
582	151	35	71
583	74	158	168
584	8	106	159
585	113	69	60
586	108	121	12
587	18	48	133
588	106	97	14
589	151	10	75
590	85	145	155
591	173	10	25
592	60	51	34
593	30	133	16
594	125	52	141
595	88	97	16
596	46	33	56
597	35	45	125
598	142	152	162
599	40	163	177
600	125	116	134
601	45	82	97
602	120	66	130
603	65	170	136
604	166	145	175
605	112	21	128
606	96	46	33
607	116	129	154
608	56	112	28
609	114	20	123
610	6	89	99
611	144	29	48
612	25	105	47
613	41	70	89
614	128	24	97
615	125	57	14
616	7	32	42
617	168	26	88
618	121	152	36
619	39	100	20
620	41	85	18
621	111	80	98
622	146	117	136
623	117	145	132
624	159	141	23
625	49	31	134
626	32	237	41
627	103	170	160
628	8	69	162
629	44	61	164
630	167	115	128
631	63	156	78
632	65	34	77
633	150	137	127
634	101	49	169
635	70	79	61
636	49	68	58
637	90	80	29
638	73	53	82
639	51	139	31
640	155	168	138
641	56	68	84
642	114	153	10
643	116	31	51
644	71	84	46
645	130	74	87
646	52	40	18
647	134	145	116
648	15	34	49
649	32	46	18
650	64	73	55
651	50	29	59
652	13	112	66
653	78	144	69
654	136	118	36
655	23	175	156
656	46	55	37
657	56	44	148
658	8	142	77
659	21	141	55
660	128	119	57
661	133	77	123
662	167	153	136
663	115	159	149
664	150	58	140
665	81	56	146
666	150	165	74
667	87	100	61
668	58	16	113
669	126	56	43
670	27	75	167
671	143	31	64
672	76	105	66
673	127	10	31
674	52	71	61
675	138	73	161
676	86	46	72
677	56	66	76
678	157	173	183
679	105	115	124
680	118	17	85
681	53	73	63
682	151	113	11
683	123	95	113
684	125	116	67
685	85	51	21
686	155	38	57
687	168	145	159
688	50	34	8
689	26	172	16
690	82	72	6
691	136	95	48
692	94	103	9
693	64	73	55
694	126	135	6
695	29	16	124
696	14	92	67
697	59	137	118
698	70	165	105
699	74	101	43
700	161	52	170
701	101	125	19
702	89	311	80
703	98	121	131
704	79	95	107
705	32	68	84
706	44	167	87
707	74	117	100
708	15	81	25
709	7	170	18
710	78	54	154
711	10	162	98
712	29	51	41
713	130	34	24
714	50	41	59
715	43	132	160
716	66	17	56
717	90	20	11
718	79	66	92
719	67	135	54
720	113	145	132
721	89	98	71
722	162	128	52
723	126	144	153
724	82	93	111
725	89	168	23
726	174	70	99
727	33	51	146
728	101	116	92
729	37	66	25
730	122	52	131
731	116	133	70
732	63	41	28
733	16	153	39
734	20	81	91
735	112	65	74
736	80	61	103
737	147	100	91
738	49	164	154
739	25	121	58
740	44	53	177
741	130	140	117
742	163	46	153
743	33	24	69
744	55	157	140
745	153	129	142
746	103	30	112
747	16	177	161
748	140	115	152
749	70	57	44
750	124	161	147
751	12	30	49
752	113	137	127
753	24	64	40
754	159	33	23
755	50	151	41
756	6	46	164
757	119	73	14
758	33	24	115
759	135	125	26
760	174	151	182
761	145	90	106
762	127	47	38
763	49	117	33
764	101	16	91
765	45	54	36
766	160	169	150
767	6	163	22
768	15	177	164
769	27	127	69
770	107	20	89
771	165	31	40
772	132	47	145
773	133	20	11
774	38	139	54
775	25	125	84
776	122	52	17
777	22	62	52
778	37	27	166
779	108	10	123
780	70	85	98
781	117	126	137
782	56	81	71
783	31	88	79
784	132	122	44
785	47	32	57
786	9	169	24
787	137	59	126
788	32	20	171
789	72	61	120
790	64	52	137
791	119	130	147
792	137	125	163
793	134	36	144
794	144	153	163
795	72	44	61
796	117	26	90
797	158	138	148
798	62	147	13
799	167	158	71
800	45	19	58
801	28	44	18
802	53	12	79
803	84	75	48
804	126	111	76
805	16	65	168
806	61	52	121
807	54	168	8
808	172	160	6
809	31	147	40
810	24	99	33
811	11	177	187
812	148	31	102
813	41	49	29
814	141	96	79
815	42	127	100
816	145	157	135
817	136	126	30
818	41	50	116
819	13	96	170
820	64	74	117
821	142	171	157
822	56	77	22
823	150	13	161
824	72	166	107
825	96	58	143
826	61	88	76
827	31	96	22
828	9	19	29
829	134	144	153
830	141	150	119
831	176	163	139
832	128	108	138
833	171	25	15
834	59	88	74
835	148	163	47
836	100	7	174
837	70	55	82
838	90	49	62
839	92	101	169
840	166	105	154
841	162	150	11
842	82	43	91
843	135	52	125
844	10	86	96
845	87	179	78
846	42	95	109
847	164	63	173
848	162	172	55
849	78	54	67
850	28	140	150
851	131	140	57
852	185	176	167
853	17	102	149
854	23	46	58
855	97	114	124
856	134	52	61
857	134	143	153
858	125	116	86
859	38	142	152
860	34	44	112
861	145	36	16
862	92	101	80
863	104	155	145
864	143	153	122
865	148	94	116
866	52	61	71
867	164	177	15
868	142	153	164
869	27	101	43
870	12	130	141
871	151	165	8
872	174	146	17
873	176	166	70
874	143	162	152
875	106	71	82
876	74	102	88
877	162	11	146
878	66	91	77
879	142	105	123
880	28	51	76
881	148	37	24
882	103	63	120
883	157	37	91
884	142	130	102
885	68	123	8
886	68	42	55
887	15	133	37
888	97	14	168
889	164	45	9
890	173	95	124
891	172	12	33
892	135	119	146
893	186	177	162
894	177	6	167
895	116	107	94
896	107	125	115
897	88	70	102
898	65	32	127
899	170	48	115
900	144	112	13
901	151	160	134
902	81	110	44
903	39	61	145
904	92	52	125
905	48	61	79
906	170	36	58
907	66	75	52
908	115	59	103
909	41	123	51
910	19	10	153
911	8	37	47
912	132	119	105
913	176	96	68
914	75	102	90
915	151	141	160
916	90	144	160
917	155	172	72
918	136	145	42
919	28	108	52
920	86	71	134
921	156	92	50
922	98	5	112
923	9	165	18
924	74	86	99
925	140	80	53
926	128	137	147
927	163	88	98
928	53	143	156
929	132	51	61
930	60	83	73
931	142	161	151
932	146	57	155
933	16	169	109
934	88	55	78
935	37	61	9
936	23	121	109
937	110	41	119
938	53	43	33
939	93	73	83
940	12	74	149
941	17	39	126
942	17	167	158
943	117	108	138
944	23	32	9
945	108	13	31
946	19	84	7
947	116	171	81
948	62	112	102
949	66	96	171
950	157	34	145
951	60	69	51
952	162	28	14
953	93	28	18
954	67	179	167
955	96	23	13
956	85	40	98
957	126	110	6
958	8	152	47
959	70	34	60
960	65	173	89
961	47	153	85
962	99	140	108
963	162	171	143
964	141	71	87
965	82	31	17
966	129	91	31
967	35	45	25
968	41	32	50
969	174	161	144
970	69	54	41
971	8	22	52
972	171	8	18
973	169	9	22
974	86	77	156
975	76	102	111
976	159	176	20
977	172	11	134
978	28	128	7
979	91	107	120
980	67	171	26
981	32	109	41
982	96	109	65
983	171	80	89
984	137	150	122
985	172	44	24
986	11	164	20
987	115	125	139
988	51	38	170
989	51	20	113
990	26	168	156
991	145	133	16
992	168	93	140
993	185	84	175
994	83	34	102
995	133	53	44
996	96	116	106
997	78	116	92
998	175	19	29
999	5	117	107
