=~=~=~=~=~=~=~=~=~=~=~= PuTTY log 2016.09.30 13:38:45 =~=~=~=~=~=~=~=~=~=~=~=


Reaction test
type	A+B+C
number	1000

max value	65536
unit	us

test	A	B	C
0	9107	1179	1170
1	1735	9675	1744
2	2185	10125	2194
3	8134	200	210
4	1883	1873	9814
5	8560	628	618
6	2904	2913	10838
7	7	7704	16
8	12767	4836	4827
9	2172	10105	2163
10	2329	10260	2319
11	2811	10746	2802
12	10034	2105	2095
13	426	417	8359
14	1392	1383	9327
15	323	8266	332
16	1034	1043	8977
17	4963	12895	4954
18	9221	1280	1290
19	2069	10007	2078
20	2893	10823	2884
21	9447	1506	1515
22	1535	9473	1544
23	1016	1007	8950
24	19	7885	9
25	2412	10346	2421
26	1117	9062	1126
27	1032	8981	1041
28	17	8	5035
29	3128	3137	11060
30	193	184	8127
31	13948	6019	6010
32	11449	3518	3509
33	9635	1692	1701
34	12633	4697	4707
35	16	6	5032
36	82	91	8023
37	5034	5	14
38	1524	9456	1515
39	6	5032	15
40	2469	2460	10407
41	9654	1712	1722
42	8228	287	297
43	17	5035	7
44	3214	3223	11155
45	8634	692	701
46	9687	1753	1744
47	8087	157	148
48	6	5033	15
49	2290	10226	2280
50	1073	9015	1082
51	2088	10033	2097
52	2483	10423	2492
53	10712	2772	2781
54	9399	1464	1454
55	4929	12872	4938
56	747	738	8681
57	399	389	8330
58	1241	9180	1250
59	6	15	5033
60	5042	5	15
61	7019	15	5
62	9297	1347	1356
63	8608	658	667
64	4017	11965	4026
65	7654	7	16
66	3470	3461	11402
67	5081	60	51
68	8611	670	679
69	16	7	5011
70	7551	2521	2532
71	1416	1406	9347
72	2710	10651	2719
73	1110	9036	1100
74	1240	1249	9183
75	2133	2123	10062
76	15	7804	6
77	2815	10756	2824
78	10355	2422	2431
79	476	8418	485
80	7	16	7067
81	11480	3549	3540
82	398	407	8339
83	3859	8880	3850
84	17	7	7569
85	40	7975	50
86	8	7079	17
87	1423	1432	9367
88	8	5037	17
89	4230	12165	4220
90	11208	3260	3270
91	3282	3291	11218
92	9439	1495	1504
93	11050	3104	3114
94	5037	7	17
95	18	7948	8
96	5038	18	9
97	2433	2442	10372
98	8709	773	763
99	747	8691	756
100	1882	9810	1873
101	5	7772	14
102	2981	2990	10923
103	7449	8	17
104	4590	12516	4581
105	2662	10590	2653
106	12404	4465	4474
107	5	14	7667
108	14	5	8842
109	1679	1688	9617
110	11323	3385	3394
111	11843	3904	3914
112	854	8785	845
113	2545	10475	2535
114	52	61	7989
115	7	5034	16
116	8934	996	1006
117	3878	3869	11804
118	657	666	8588
119	610	5636	620
120	2453	10380	2444
121	9704	1776	1767
122	8387	448	457
123	2860	2850	10781
124	1722	9658	1731
125	4199	12141	4208
126	11577	3639	3649
127	8	17	5034
128	7	7802	16
129	4463	4454	12388
130	5	14	5030
131	11305	3374	3365
132	959	949	8881
133	9646	1714	1704
134	3269	3278	11202
135	7	16	7917
136	4357	4366	12295
137	3199	11128	3189
138	1424	9355	1415
139	1606	9547	1615
140	5344	13274	5334
141	370	8310	380
142	2886	2895	10820
143	10621	2694	2685
144	1835	9764	1825
145	10125	2197	2188
146	9986	2057	2047
147	14	4	8290
148	687	696	8623
149	4784	4792	12726
150	15	6	6812
151	3338	8359	3347
152	449	439	8375
153	4419	4429	12357
154	1198	9130	1188
155	3198	11137	3207
156	9515	1583	1592
157	1704	9633	1695
158	8112	171	180
159	3337	11259	3327
160	5039	18	8
161	5029	8	17
162	14	5	5028
163	3198	3207	11137
164	9341	1412	1403
165	5	5030	14
166	1441	9371	1431
167	10084	2156	2146
168	3941	3950	11883
169	6875	1849	1858
170	2446	2437	10368
171	2134	10064	2124
172	9787	1858	1848
173	7	5032	16
174	7571	15	6
175	5355	13284	5345
176	88	8035	97
177	9342	1412	1402
178	2233	10166	2224
179	17	8227	8
180	1451	1442	9380
181	4680	4689	12617
182	9552	1626	1617
183	2800	10733	2809
184	9761	1829	1838
185	4263	12201	4272
186	3447	11371	3437
187	686	8626	695
188	8207	283	273
189	2947	10882	2938
190	59	7997	68
191	15	6	7802
192	1373	9312	1383
193	128	8064	119
194	1719	1710	9642
195	10185	2256	2247
196	7996	72	62
197	10177	2249	2240
198	1414	1423	9340
199	1593	1584	9518
200	10899	2964	2973
201	17	7621	7
202	1027	8964	1036
203	18	6757	9
204	4860	4851	12788
205	10289	2351	2360
206	124	8061	133
207	15	5	7477
208	7678	4	14
209	2410	2401	10339
210	1248	9170	1238
211	7	16	5033
212	5957	937	928
213	15	7807	5
214	4	5032	14
215	986	977	8919
216	9600	1659	1668
217	1802	1811	9738
218	2876	2866	10801
219	1137	1128	9066
220	3087	11030	3096
221	498	8440	508
222	5	8414	14
223	608	8540	599
224	1832	9774	1841
225	3156	3166	8181
226	8236	302	293
227	12000	4073	4063
228	1723	1714	9654
229	3482	3491	11425
230	8960	1031	1022
231	5027	5	14
232	2851	2860	10789
233	802	811	8745
234	10046	2116	2107
235	6	15	5034
236	1068	1058	6085
237	7365	8	17
238	3638	11576	3647
239	9177	1235	1244
240	8483	543	552
241	2524	7551	2533
242	1623	9554	1614
243	11197	3270	3260
244	947	956	8886
245	1847	9779	1837
246	3903	3912	11835
247	10131	6161	2196
248	864	873	8803
249	2070	2079	10008
250	9520	1588	1578
251	1749	9692	1758
252	1703	9637	1694
253	8	17	6816
254	9323	1390	1381
255	2527	2536	10470
256	805	813	8740
257	2397	2406	7425
258	57	7992	67
259	2908	2917	10853
260	113	104	8048
261	2134	10066	2125
262	7665	15	6
263	2043	9984	2052
264	15	7031	5
265	1039	1030	8974
266	5034	5	15
267	1021	1030	8963
268	11974	4046	4036
269	5035	6	16
270	8918	977	987
271	6	6764	15
272	3061	3052	10994
273	620	8549	611
274	3537	11479	3546
275	12345	4408	4417
276	4225	12149	4215
277	3328	11259	3319
278	12722	4793	4783
279	9454	1512	1521
280	1361	1370	9302
281	9670	1733	1742
282	1427	1418	6446
283	194	203	8137
284	2733	10678	2742
285	8	17	7478
286	4802	12745	4811
287	7817	6	16
288	1520	9465	5491
289	4241	4232	12174
290	1588	1597	9530
291	5037	7	16
292	7317	7	17
293	7179	6	15
294	8633	685	694
295	2275	10210	2265
296	9889	1950	1941
297	3615	3624	11558
298	2323	10269	2332
299	6	15	5035
300	1166	1156	9094
301	9284	1347	1338
302	1421	1430	9371
303	15	7852	6
304	12748	4804	4813
305	5	14	7934
306	522	5553	531
307	3033	3042	10977
308	3087	3077	11020
309	2710	2700	10643
310	18	8	6810
311	8295	348	358
312	3491	3482	11420
313	16	6722	7
314	99	89	8031
315	7702	17	7
316	880	8819	889
317	10100	2151	2160
318	3290	11230	3281
319	5	14	7671
320	595	5625	604
321	263	272	8207
322	295	286	8229
323	2255	10191	2246
324	10055	2113	2122
325	10550	2614	2605
326	9563	1627	1617
327	2586	2595	10528
328	9506	1557	1567
329	356	346	8286
330	5041	18	8
331	805	4767	796
332	6950	14894	6960
333	7898	16	6
334	7	16	5040
335	5	14	5036
336	4071	12011	4080
337	602	611	8544
338	16	5035	6
339	3332	3341	11282
340	7674	6	15
341	1199	9132	1190
342	7591	18	9
343	9988	2034	2044
344	9	18	5041
345	455	464	8396
346	2204	10138	2194
347	1465	1473	9404
348	8688	744	753
349	3605	11548	3614
350	5038	18	8
351	18	7242	8
352	16	7	5031
353	10112	2169	2178
354	9669	1733	1723
355	5040	21	11
356	7	5040	16
357	6123	6132	14069
358	16	7	7728
359	1588	1596	9533
360	441	432	8378
361	10158	2230	2220
362	11298	3367	3357
363	17	8	7087
364	5768	5759	13700
365	2245	2254	10185
366	9588	1648	1657
367	5034	15	6
368	9690	1755	1746
369	8012	69	78
370	9485	1541	1550
371	8	5037	17
372	262	253	8187
373	2216	10147	2206
374	16	7769	6
375	11461	3528	3519
376	9216	1285	1276
377	7721	17	7
378	4194	4203	9222
379	5	14	5032
380	4317	4326	12252
381	6	15	8312
382	2556	10495	2565
383	5	13	7411
384	3407	11331	3394
385	173	164	8103
386	6235	1210	1219
387	9553	1627	1618
388	8147	215	205
389	3653	11592	3662
390	8	8380	4407
391	10062	2129	2120
392	5	5032	14
393	4794	4803	12740
394	4	5032	14
395	3153	11082	3143
396	9015	1075	1085
397	1878	1869	9813
398	8416	475	484
399	5034	16	6
400	4889	12828	4879
401	8355	430	421
402	5036	6	16
403	2242	2251	10183
404	2560	10490	2551
405	638	8572	628
406	17	8	5037
407	410	8348	419
408	1852	9793	1862
409	9906	1960	1969
410	15	6	7892
411	10038	2088	2098
412	4897	12845	4906
413	8	5035	17
414	2013	2003	9938
415	2184	10124	2193
416	10352	2410	2419
417	15	5036	6
418	3154	3163	11099
419	6	15	7240
420	3107	3116	8136
421	3414	11344	3404
422	923	913	8848
423	2487	2496	10427
424	10952	3022	3012
425	2720	10663	2729
426	17	8	7060
427	3312	11251	3322
428	2265	2255	10198
429	265	8209	274
430	14	5033	5
431	3381	3390	11321
432	2311	2301	10244
433	8233	306	296
434	9808	1879	1869
435	10086	2149	2140
436	316	5336	307
437	14	5	7090
438	10508	2576	2567
439	11767	3833	3842
440	15	5033	6
441	1759	6782	1768
442	9316	1377	1386
443	6369	14316	6378
444	3277	3268	11200
445	10536	2601	2592
446	10292	2364	2354
447	8735	804	795
448	7556	2529	2539
449	8446	506	515
450	1016	1007	8945
451	2997	10932	3007
452	1611	1601	9544
453	10861	2931	2922
454	9868	1938	1928
455	8734	9	18
456	8934	993	1002
457	673	682	8610
458	16	6	7834
459	2242	10168	2233
460	314	8255	323
461	3285	8301	3276
462	3147	11088	3156
463	10355	2419	2410
464	102	8044	111
465	4427	4418	12350
466	18	5036	9
467	1240	1231	9172
468	18	7367	8
469	6079	1059	1050
470	10788	2863	2854
471	27	17	7964
472	18	7344	9
473	14	5	7718
474	808	5827	799
475	1590	9530	1581
476	809	8748	800
477	7	5036	16
478	15	6	7938
479	5037	6	16
480	10079	2132	2142
481	10403	2466	2457
482	9175	1235	1245
483	9140	1189	1198
484	2502	10449	2512
485	765	8708	774
486	1842	9793	1851
487	2397	2388	10332
488	309	8254	318
489	9137	1189	1199
490	841	8783	850
491	8604	668	659
492	2456	2446	10392
493	14	5	5035
494	1479	6505	1489
495	2655	10607	2664
496	6	15	7199
497	2411	10346	2402
498	9705	1759	1768
499	7203	16	6
500	7603	15	6
501	10007	2059	2069
502	1464	9396	1454
503	9241	1296	1305
504	8505	16	7
505	16	6724	7
506	5876	13822	5885
507	1452	1443	9383
508	1137	1146	9084
509	63	54	5083
510	8072	137	128
511	7534	6	16
512	527	5546	517
513	1024	1033	8977
514	10326	2380	2389
515	3289	8309	3280
516	2114	2123	10065
517	7112	6	16
518	495	504	8443
519	7884	7	17
520	1257	1248	9198
521	10282	2346	2336
522	131	8073	121
523	6	15	7935
524	757	747	8691
525	2104	2094	10039
526	10568	2633	2623
527	2835	10778	2844
528	193	202	8137
529	1060	1069	9004
530	414	5448	423
531	206	196	8147
532	7990	36	46
533	6	15	8677
534	1811	6830	1801
535	9301	1359	1349
536	8060	124	115
537	5038	8	17
538	571	582	8511
539	8	7843	17
540	9755	1821	1812
541	1962	1953	9897
542	5	7878	15
543	4651	12586	4660
544	3541	11474	3532
545	1612	1603	9541
546	3584	8597	3574
547	1744	1753	9690
548	8	17	5034
549	16	6712	6
550	5035	7	16
551	3150	3159	11098
552	16	5033	6
553	10766	2826	2835
554	4	13	7306
555	7	5033	16
556	7725	7	16
557	6020	1004	995
558	695	685	8626
559	863	872	8805
560	5032	18	9
561	1483	1492	9422
562	8680	734	744
563	9305	1378	1369
564	5031	16	6
565	1888	1879	9820
566	2750	10685	2759
567	3164	3154	11090
568	7375	18	8
569	7050	17	7
570	9727	1793	1784
571	11002	3059	3069
572	6	15	5036
573	2354	2345	10283
574	2448	2438	10381
575	1168	1177	9110
576	5411	5401	13347
577	3904	11845	3913
578	106	5133	116
579	1390	9327	1399
580	2592	2583	10524
581	3347	11283	3356
582	6	15	5033
583	3848	3857	11791
584	1544	9480	1553
585	2308	2317	10244
586	2975	10911	2965
587	7949	16	7
588	10691	2747	2757
589	5010	15	6
590	1460	1451	9394
591	13182	5237	5247
592	1258	9186	1248
593	4432	12365	4422
594	4562	12500	4571
595	2025	7046	2016
596	4350	4341	12277
597	5036	17	7
598	335	326	8261
599	11732	3807	3798
600	15	7378	6
601	269	278	8211
602	5	14	5029
603	1085	9027	1094
604	6	14	5033
605	5036	18	9
606	121	130	8062
607	9394	1451	1461
608	11210	3272	3262
609	8424	484	493
610	2450	10381	2441
611	1385	9321	1376
612	2370	7387	2361
613	62	7998	72
614	3671	3661	11595
615	2861	10791	2852
616	1550	9482	1540
617	10640	2699	2709
618	11110	3177	3168
619	16	6	5034
620	7225	2206	2197
621	7266	11238	3299
622	1011	1002	8943
623	1851	1842	6871
624	5037	19	9
625	1654	1645	9591
626	4	13	7684
627	5136	13076	5127
628	10230	2295	2286
629	1711	9658	1720
630	5039	8	17
631	9708	1765	1755
632	10610	2677	2668
633	16	7	6757
634	2376	2366	10314
635	16	5035	7
636	9125	1178	1188
637	1755	9703	1764
638	10160	2217	2226
639	7	5030	16
640	8553	606	616
641	8065	128	119
642	3554	8575	3544
643	10206	2268	2258
644	3533	3542	11479
645	164	8104	155
646	3108	3099	11046
647	7696	2674	2664
648	3689	11626	3680
649	3922	3931	11864
650	12623	4675	4685
651	18	7791	9
652	4210	4219	12150
653	2725	10671	2735
654	9824	1888	1879
655	1743	1734	6761
656	2155	10089	2145
657	5	14	7642
658	4802	4793	12736
659	1748	9689	1757
660	1450	1441	9383
661	7564	7	16
662	16	5032	6
663	6	7796	15
664	4857	12802	4866
665	2179	2170	10115
666	8	7792	17
667	7675	6	15
668	3039	8067	3048
669	2655	2664	10598
670	10535	2598	2607
671	2032	9973	2041
672	2851	10776	2841
673	10235	2305	2295
674	10052	2123	2113
675	604	8551	613
676	5	5029	14
677	6	5034	15
678	9993	2061	2051
679	10279	2340	2349
680	16	8341	6
681	2455	6415	2445
682	1199	1208	9138
683	8234	291	300
684	8822	885	876
685	14	5	7620
686	10110	2164	2173
687	153	8093	162
688	2781	10718	2771
689	17263	9322	9331
690	5	8906	14
691	222	213	8153
692	2662	10604	2671
693	2851	10784	2842
694	929	5949	919
695	2420	10362	2429
696	9589	1643	1653
697	8405	466	457
698	8	17	7341
699	8620	672	681
700	144	135	8077
701	11805	3855	3864
702	369	8302	359
703	2506	10446	2496
704	975	965	8912
705	6	6705	15
706	7822	15	5
707	11876	3938	3928
708	1637	9576	1627
709	17	7	5034
710	2274	10205	2264
711	5825	5834	13767
712	6	15	5032
713	17	7777	7
714	1078	9022	1087
715	70	79	8012
716	5992	5983	13923
717	15	6	8126
718	3619	3629	11562
719	5	6947	14
720	5069	13005	5060
721	11605	3658	3667
722	16	7	5035
723	7	16	7211
724	190	199	8128
725	8907	978	969
726	2827	2817	10761
727	2481	2471	10412
728	7974	29	38
729	16	7	7162
730	1117	9062	1126
731	1469	9404	1460
732	7	16	5030
733	346	337	8281
734	1351	1360	9293
735	5	14	5032
736	9817	1882	1872
737	7968	34	24
738	1362	1371	9300
739	7002	8	17
740	1944	1953	9889
741	5033	4	14
742	2715	2724	10660
743	10541	2607	2597
744	2919	2910	10855
745	9147	1203	1212
746	3509	11453	3519
747	3817	3826	8847
748	1785	1794	9731
749	1689	9625	1680
750	1983	1992	9930
751	15	7924	5
752	1943	1952	6975
753	10115	2186	2177
754	317	326	8262
755	8380	444	435
756	5034	6	15
757	901	8847	910
758	4509	4499	12443
759	402	8330	392
760	602	593	8535
761	3241	8260	3232
762	26	7969	36
763	5	14	7879
764	218	8148	209
765	8455	509	518
766	3228	11159	3219
767	9	18	5033
768	2164	10105	2154
769	2678	10625	2687
770	10182	2246	2237
771	5034	5	14
772	1402	1411	9340
773	11661	3718	3727
774	1358	9302	1367
775	2026	2017	9961
776	1447	9391	1457
777	5037	15	6
778	2303	2312	10246
779	7	6634	16
780	2020	2010	9952
781	8127	191	201
782	5534	5525	13468
783	5	14	5034
784	606	597	8543
785	15	5	5033
786	2246	2255	10187
787	11180	3245	3235
788	7	16	5036
789	12332	4388	4398
790	4	7890	13
791	8197	254	263
792	7	16	7893
793	1192	9129	1201
794	8978	1035	1045
795	1821	1830	9761
796	18	7441	8
797	3601	11534	3592
798	1913	1922	9853
799	780	8714	770
800	9001	1059	1050
801	8	17	7439
802	10398	2454	2463
803	12213	4267	4277
804	8279	3250	3260
805	10639	2705	2695
806	3686	11613	3677
807	1702	9640	1711
808	17	8	5037
809	9669	1739	1729
810	531	540	8474
811	8924	988	979
812	9221	1277	1286
813	1127	1136	9070
814	3354	3363	11291
815	1470	9408	1478
816	9379	1454	1445
817	8765	834	824
818	3165	11099	3174
819	536	8468	545
820	5029	5	14
821	1188	9127	1197
822	8	17	6921
823	11964	4039	4030
824	16	7239	7
825	2267	10205	2276
826	5404	5413	13341
827	2102	2111	10041
828	5812	13749	5821
829	3483	11424	3492
830	10584	2649	2659
831	3554	11474	3545
832	5168	154	145
833	9798	1870	1861
834	2757	2766	10696
835	1102	1111	9040
836	4039	4048	11977
837	9	5033	18
838	8451	517	526
839	608	617	8541
840	308	8249	318
841	5023	15	5
842	6	7334	15
843	248	8173	238
844	4011	11944	4001
845	13328	5399	5390
846	7814	18	8
847	5031	9	18
848	5026	5	14
849	251	8187	260
850	7930	5	14
851	2878	2887	10815
852	537	528	8465
853	128	136	8071
854	367	8300	376
855	4	13	5030
856	15	6	5030
857	11243	3313	3304
858	13	4	5025
859	1991	1981	9918
860	7144	4	14
861	274	8209	283
862	6	5028	15
863	5	6671	14
864	46	56	7983
865	3348	3339	11278
866	6	7118	15
867	9005	1065	1075
868	17	8	5034
869	15	7395	6
870	1664	9595	1655
871	5033	8	17
872	12527	4595	4586
873	17	5034	7
874	8702	770	761
875	3657	3648	11587
876	574	8510	583
877	9897	1969	1960
878	1294	1285	9221
879	11759	3830	3821
880	5030	8	17
881	998	8925	989
882	3653	3662	11591
883	1010	1001	6025
884	1860	1869	9792
885	5030	14	5
886	6	14	6777
887	6	15	5032
888	7260	7	16
889	5031	15	6
890	8	17	7229
891	4266	4275	12206
892	2061	9995	2052
893	15	5	6536
894	500	8435	490
895	16	5035	6
896	5030	10060	5039
897	10955	3019	3010
898	9906	1963	1972
899	5	7471	15
900	2633	10575	2642
901	4	13	5033
902	2225	2215	10151
903	10024	2081	2091
904	7079	6	15
905	1443	1452	9386
906	748	757	8692
907	8390	448	457
908	868	858	8806
909	5039	7	16
910	8376	445	436
911	19	7952	9
912	25	7955	15
913	491	500	8435
914	6	7860	15
915	975	8916	966
916	10825	2879	2888
917	8930	997	988
918	8614	677	667
919	8	5039	17
920	5	14	5034
921	12061	4130	4121
922	2646	10589	2656
923	64	73	8010
924	17	7736	8
925	3767	3776	11711
926	5038	19	9
927	535	8473	544
928	6673	1650	1660
929	9875	1934	1943
930	2529	7553	2538
931	9558	1615	1624
932	12540	4597	4607
933	11147	3217	3207
934	894	8827	884
935	2588	10513	2579
936	8229	294	285
937	9740	1804	1795
938	2338	2347	10280
939	1833	1824	9762
940	784	793	8716
941	5036	8	17
942	2476	2484	7502
943	9018	1077	1087
944	17	5035	8
945	17	7855	8
946	18	7018	8
947	5036	7	16
948	1901	1910	9834
949	8	17	7808
950	2080	2089	10015
951	1418	1427	9352
952	2913	10851	2922
953	8	8808	18
954	2795	2804	10732
955	10167	2229	2238
956	1257	9183	1248
957	17	8	5029
958	3739	11673	3748
959	8564	634	624
960	2075	2065	10003
961	17	5029	8
962	19	7723	9
963	6	7743	15
964	5028	15	6
965	285	276	8211
966	7750	8	17
967	913	8851	922
968	3133	3123	11064
969	10818	2883	2874
970	16	6	7934
971	12185	4249	4259
972	7477	6	15
973	840	8762	830
974	7980	44	54
975	2252	2243	10180
976	3211	3202	11139
977	7	7834	16
978	2095	10041	2105
979	15	7811	5
980	9	18	7386
981	1005	8941	1014
982	7064	18	8
983	16	7	8800
984	1143	9084	1153
985	1246	9179	1236
986	7412	15	6
987	300	8242	310
988	2680	10628	2690
989	6705	7	16
990	3056	3066	10996
991	8813	869	879
992	9522	1576	1585
993	7878	8	17
994	6	5036	15
995	1945	9886	1954
996	9086	1147	1157
997	12671	4738	4728
998	5537	13478	5527
999	12209	4265	4274
