=~=~=~=~=~=~=~=~=~=~=~= PuTTY log 2016.10.07 10:22:07 =~=~=~=~=~=~=~=~=~=~=~=


Reaction test
type	A+B+C
number	1000

max value	65536
unit	us

test	A	B	C
0	213	406	296
1	495	690	576
2	416	617	495
3	55	259	134
4	1069	178	48
5	521	740	599
6	41	265	114
7	928	56	1005
8	910	42	986
9	1016	151	1092
10	1041	176	14
11	198	431	266
12	771	1008	854
13	500	742	598
14	951	96	1045
15	294	540	382
16	40	289	122
17	366	616	471
18	890	47	1020
19	421	641	532
20	673	924	819
21	217	471	383
22	419	670	611
23	468	720	730
24	901	54	70
25	230	449	462
26	1100	215	268
27	692	877	972
28	912	1097	94
29	119	295	417
30	490	659	788
31	729	898	1027
32	717	933	1006
33	692	908	922
34	292	555	588
35	89	355	345
36	94	366	379
37	299	556	610
38	180	434	528
39	576	818	901
40	1087	225	312
41	234	472	564
42	58	280	389
43	810	1031	1095
44	319	537	608
45	404	619	698
46	34	247	334
47	286	501	592
48	662	870	983
49	1094	197	319
50	137	330	427
51	1034	204	265
52	978	221	265
53	94	437	531
54	772	6	100
55	302	638	733
56	1086	320	418
57	272	600	704
58	554	908	1043
59	589	572	520
60	617	584	529
61	323	337	348
62	293	315	6
63	946	934	607
64	909	382	14801
65	962	663	722
66	672	373	398
67	21	539	637
68	611	32	126
69	322	840	930
70	1008	395	477
71	739	124	208
72	158	638	724
73	343	821	908
74	402	880	968
75	576	1054	43
76	885	261	351
77	876	275	362
78	755	133	218
79	448	921	1008
80	910	270	255
81	55	562	422
82	836	264	105
83	177	694	530
84	718	151	23
85	1046	491	408
86	161	702	629
87	743	220	76
88	719	204	45
89	230	827	677
90	742	245	119
91	572	67	1039
92	897	391	259
93	446	1021	897
94	1100	492	406
95	472	972	898
96	383	884	805
97	840	245	161
98	254	757	670
99	555	1056	964
100	1037	437	341
101	984	381	290
102	599	1096	1002
103	328	817	721
104	455	1011	840
105	234	793	626
106	835	280	120
107	237	815	623
108	914	414	223
109	892	959	641
110	517	526	199
111	538	529	181
112	688	700	391
113	632	623	319
114	389	369	45
115	107	41	812
116	393	323	1098
117	766	692	373
118	367	285	1070
119	297	210	1000
120	387	262	1082
121	757	658	423
122	609	514	335
123	494	375	192
124	602	511	349
125	885	814	634
126	793	802	567
127	627	665	401
128	906	915	652
129	991	1007	732
130	699	715	430
131	836	845	556
132	315	324	58
133	573	589	305
134	369	430	105
135	119	185	962
136	1093	66	836
137	267	347	10
138	1057	61	804
139	667	741	415
140	822	933	628
141	849	966	772
142	974	19	939
143	1056	49	964
144	926	1010	816
145	382	471	320
146	508	598	496
147	16	104	1053
148	174	265	114
149	144	132	20
150	933	942	867
151	43	52	1073
152	1023	1069	949
153	1104	13	1028
154	570	549	442
155	1049	1038	946
156	1073	1003	916
157	222	142	63
158	829	769	659
159	556	535	418
160	513	522	390
161	667	682	523
162	592	671	450
163	1053	38	918
164	790	991	686
165	351	580	288
166	360	603	297
167	1008	152	949
168	422	676	363
169	11	338	32
170	332	659	359
171	292	624	312
172	273	610	347
173	736	1054	753
174	530	892	675
175	106	967	453
176	576	585	595
177	441	968	958
178	209	797	676
179	926	456	317
180	32	659	520
181	349	921	772
182	121	731	547
183	926	446	249
184	679	196	1061
185	131	1102	708
186	916	765	414
187	997	843	532
188	44	1004	5701
189	1102	959	153
190	647	491	821
191	564	409	743
192	716	567	911
193	186	49	364
194	549	449	730
195	964	894	43
196	719	631	827
197	766	692	896
198	797	721	929
199	843	765	979
200	142	112	282
201	1059	1049	83
202	166	182	297
203	124	160	258
204	1100	1087	106
205	828	819	936
206	101	132	200
207	992	1012	982
208	728	697	710
209	1045	1036	6288
210	300	1068	1049
211	581	240	256
212	184	969	986
213	27	772	787
214	724	374	414
215	825	509	582
216	467	145	216
217	246	1020	1089
218	576	243	316
219	39	802	876
220	252	1011	1085
221	898	557	629
222	776	432	505
223	136	888	963
224	153	898	977
225	1057	690	772
226	487	31	125
227	954	511	598
228	662	216	298
229	312	962	1045
230	745	486	497
231	390	446	456
232	506	1100	516
233	62	692	96
234	114	723	102
235	38	464	957
236	177	600	1093
237	845	163	655
238	1049	373	859
239	382	805	187
240	910	234	710
241	485	910	284
242	168	592	1063
243	903	204	709
244	715	1086	487
245	598	956	356
246	410	721	80
247	865	90	539
248	412	727	85
249	281	620	25
250	819	61	523
251	436	772	142
252	1009	245	711
253	638	974	338
254	53	389	853
255	310	647	13
256	427	765	128
257	865	99	563
258	755	1087	446
259	52	386	844
260	34	374	830
261	604	944	299
262	241	538	1011
263	297	626	12
264	367	669	78
265	942	171	649
266	464	793	170
267	178	508	983
268	261	592	1064
269	446	776	246
270	630	962	427
271	352	688	150
272	965	199	760
273	940	173	763
274	232	1031	66
275	313	533	1682
276	844	121	231
277	265	883	759
278	486	9	996
279	7	537	385
280	96	607	483
281	275	787	664
282	788	186	65
283	1048	403	310
284	432	816	739
285	230	631	528
286	88	557	428
287	979	357	263
288	125	584	521
289	487	936	877
290	404	777	758
291	1003	300	309
292	813	128	118
293	432	833	818
294	94	532	470
295	288	715	751
296	366	792	852
297	839	164	235
298	763	77	157
299	1104	413	493
300	948	184	253
301	1014	210	284
302	351	644	721
303	96	348	427
304	993	137	222
305	251	496	580
306	1090	157	274
307	882	1066	75
308	402	564	697
309	1034	83	242
310	553	746	870
311	552	719	865
312	1013	94	278
313	693	871	1056
314	266	445	640
315	72	250	455
316	1003	65	296
317	454	631	866
318	317	502	768
319	746	965	101
320	983	89	333
321	735	942	128
322	133	335	671
323	220	408	750
324	769	956	200
325	1093	159	514
326	513	684	1024
327	123	296	639
328	588	762	1104
329	9	163	514
330	162	301	688
331	437	599	956
332	597	755	14
333	685	840	104
334	74	226	600
335	606	754	31
336	93	236	617
337	482	622	1004
338	183	317	701
339	956	1091	378
340	861	1001	286
341	376	526	909
342	308	448	889
343	1013	50	534
344	1042	81	603
345	381	478	1100
346	471	569	90
347	516	618	139
348	850	971	470
349	835	1031	502
350	44	245	815
351	211	413	981
352	24	227	799
353	194	395	970
354	147	346	926
355	897	1093	573
356	883	1058	558
357	438	622	123
358	835	994	526
359	1067	126	761
360	379	525	68
361	607	756	295
362	628	778	318
363	28	179	816
364	184	334	972
365	157	303	949
366	782	932	480
367	100	252	903
368	519	658	218
369	403	506	59
370	443	526	76
371	989	1070	618
372	55	253	857
373	566	742	248
374	225	464	1044
375	685	932	423
376	535	867	274
377	313	657	53
378	174	483	953
379	537	844	234
380	688	997	386
381	930	138	625
382	914	126	609
383	385	695	77
384	237	547	1035
385	477	777	207
386	137	432	1004
387	651	972	427
388	461	883	265
389	634	1075	437
390	542	1040	426
391	636	73	479
392	1057	438	902
393	56	573	1009
394	337	824	211
395	396	853	237
396	563	983	326
397	119	538	978
398	509	930	269
399	704	18	469
400	691	1104	474
401	210	622	37
402	277	683	104
403	737	38	573
404	531	936	369
405	891	196	726
406	372	801	197
407	670	74	502
408	123	671	1057
409	848	286	672
410	146	660	1029
411	522	1061	324
412	199	735	1094
413	1087	525	882
414	451	986	243
415	225	762	14
416	972	405	752
417	340	876	122
418	651	90	432
419	45	586	923
420	755	231	536
421	60	581	876
422	666	88	382
423	941	358	649
424	584	1100	296
425	198	716	1017
426	802	175	467
427	239	703	984
428	735	103	315
429	489	1032	102
430	701	150	351
431	522	32	224
432	786	292	525
433	222	828	1070
434	354	969	63
435	59	691	873
436	360	1008	75
437	684	221	450
438	1033	571	821
439	476	86	235
440	587	159	342
441	406	1083	159
442	1016	592	772
443	64	708	898
444	1068	668	869
445	1019	584	818
446	93	758	991
447	94	794	1029
448	810	362	596
449	458	1080	215
450	63	722	960
451	642	204	463
452	218	824	1039
453	1087	566	796
454	157	730	950
455	683	132	389
456	759	166	421
457	397	901	67
458	117	614	875
459	66	554	806
460	689	172	344
461	934	424	601
462	139	656	849
463	674	161	286
464	89	679	803
465	956	442	565
466	1102	517	697
467	281	781	956
468	167	655	833
469	301	731	962
470	6	429	656
471	837	224	452
472	1023	407	633
473	886	471	495
474	347	996	14
475	559	104	222
476	296	932	1051
477	1031	567	683
478	340	968	1087
479	518	41	161
480	867	385	510
481	123	732	951
482	963	464	683
483	718	219	435
484	100	643	916
485	1011	452	725
486	1028	496	743
487	638	158	372
488	228	854	1065
489	982	570	779
490	443	37	212
491	737	287	460
492	704	208	383
493	394	995	71
494	41	646	829
495	566	66	282
496	960	456	700
497	904	404	707
498	478	1094	312
499	991	509	856
500	1059	541	963
501	928	381	837
502	209	762	116
503	318	874	226
504	1074	535	985
505	728	223	643
506	542	74	456
507	879	380	790
508	520	31	425
509	332	999	203
510	177	874	93
511	257	974	221
512	629	296	638
513	505	167	521
514	14	741	23
515	727	327	741
516	364	1070	427
517	300	1001	387
518	824	394	908
519	583	152	703
520	809	377	941
521	1005	576	36
522	536	111	668
523	878	471	1005
524	986	627	8
525	632	299	753
526	532	212	660
527	117	943	273
528	202	1059	358
529	380	129	522
530	257	9	372
531	29	857	143
532	701	388	786
533	344	1066	371
534	171	834	180
535	909	440	918
536	648	190	657
537	792	333	827
538	424	1019	469
539	462	1011	471
540	565	1070	531
541	299	767	226
542	631	1056	507
543	574	978	487
544	765	10	627
545	283	629	150
546	653	974	488
547	696	1020	530
548	377	691	198
549	818	16	613
550	964	165	759
551	985	165	761
552	773	992	484
553	655	875	369
554	544	748	235
555	214	394	976
556	685	884	370
557	684	888	370
558	118	322	907
559	1041	146	734
560	513	690	205
561	424	604	119
562	1054	135	747
563	739	957	456
564	717	988	429
565	381	655	93
566	917	95	633
567	929	107	643
568	886	77	605
569	904	127	627
570	350	713	78
571	225	592	1052
572	256	670	1091
573	714	78	441
574	543	1045	270
575	912	376	647
576	1005	471	737
577	27	601	865
578	81	675	920
579	130	699	920
580	200	721	944
581	408	885	1105
582	246	679	890
583	269	667	875
584	280	630	834
585	530	875	32
586	1028	260	451
587	776	1083	167
588	242	511	743
589	207	470	770
590	801	1065	266
591	289	562	855
592	246	515	832
593	1090	257	573
594	532	797	7
595	357	620	993
596	507	770	101
597	742	999	407
598	963	121	631
599	124	334	911
600	813	1046	480
601	1070	302	719
602	122	420	859
603	1087	248	685
604	317	532	1010
605	588	827	180
606	104	384	796
607	379	644	1060
608	168	424	869
609	142	392	841
610	868	13	463
611	894	37	497
612	703	975	309
613	673	955	298
614	456	753	58
615	592	865	170
616	382	686	1090
617	829	31	449
618	1080	282	690
619	290	589	998
620	911	108	513
621	880	76	484
622	184	479	893
623	612	913	222
624	267	568	980
625	34	339	752
626	635	942	248
627	285	589	1001
628	444	750	62
629	257	563	948
630	998	203	591
631	792	14	379
632	1078	370	712
633	296	688	1028
634	455	813	139
635	1085	326	751
636	377	653	1095
637	585	866	208
638	644	928	267
639	264	572	1007
640	972	178	617
641	1076	279	718
642	221	523	964
643	58	360	801
644	185	543	936
645	86	453	847
646	713	1076	375
647	481	834	104
648	360	713	1072
649	160	463	817
650	150	489	810
651	1095	303	655
652	27	327	673
653	962	153	507
654	1058	214	630
655	33	323	700
656	936	94	492
657	597	853	168
658	844	66	416
659	79	398	785
660	436	791	43
661	391	726	1074
662	354	707	1053
663	100	450	801
664	591	942	196
665	1009	264	615
666	1080	333	687
667	422	774	29
668	889	134	491
669	767	9	368
670	431	781	61
671	1052	301	685
672	319	674	1067
673	545	897	221
674	359	709	32
675	44	397	820
676	556	910	231
677	528	885	204
678	590	949	268
679	354	716	33
680	476	837	152
681	749	61	424
682	567	939	248
683	64	442	846
684	39	419	824
685	373	758	56
686	649	1057	334
687	43	446	833
688	672	1077	365
689	271	674	1063
690	1099	432	790
691	730	88	418
692	729	75	387
693	689	10	370
694	736	57	414
695	286	742	1080
696	855	159	560
697	128	540	959
698	705	93	456
699	1017	410	766
700	572	6	331
701	94	663	955
702	215	811	34
703	873	399	745
704	825	355	698
705	12	644	986
706	554	102	426
707	385	1052	276
708	498	87	414
709	299	1010	272
710	895	484	822
711	828	414	759
712	209	892	163
713	438	1083	379
714	442	1043	337
715	758	293	684
716	889	482	877
717	59	759	42
718	241	1001	253
719	275	1020	297
720	181	890	196
721	670	236	605
722	788	393	689
723	658	315	575
724	524	192	444
725	123	822	1084
726	697	233	497
727	419	1015	179
728	1064	610	872
729	35	678	940
730	928	466	730
731	626	167	427
732	316	964	115
733	889	431	669
734	230	868	49
735	605	155	469
736	72	754	1063
737	866	465	755
738	555	163	431
739	461	85	315
740	186	934	38
741	934	562	786
742	888	516	735
743	923	546	766
744	391	16	228
745	592	211	452
746	11	733	999
747	624	105	368
748	749	219	465
749	732	221	93
750	462	1023	928
751	1093	538	449
752	95	645	562
753	924	349	269
754	81	595	501
755	409	1020	882
756	132	783	650
757	693	244	150
758	1048	596	502
759	629	174	79
760	664	208	111
761	142	782	686
762	62	706	607
763	936	472	370
764	628	127	26
765	936	394	260
766	189	782	596
767	106	697	509
768	9	595	407
769	191	772	586
770	406	988	797
771	297	877	688
772	257	836	647
773	696	175	1085
774	627	102	995
775	941	68	931
776	597	822	588
777	533	738	543
778	979	27	948
779	942	1070	900
780	861	1038	870
781	358	534	373
782	692	874	753
783	305	497	421
784	430	632	603
785	1023	153	143
786	120	392	352
787	322	575	561
788	449	741	684
789	955	125	116
790	47	342	367
791	81	378	441
792	183	477	579
793	295	562	748
794	580	867	1035
795	457	863	1041
796	1086	390	520
797	381	772	913
798	167	556	697
799	739	20	163
800	698	1077	119
801	958	236	382
802	202	580	724
803	818	89	237
804	357	726	874
805	759	12	155
806	960	240	379
807	1002	283	416
808	697	1084	111
809	592	1013	54
810	1003	265	440
811	978	237	415
812	439	795	977
813	105	459	643
814	355	705	893
815	482	875	1066
816	265	654	848
817	324	714	911
818	358	747	946
819	311	700	900
820	303	688	890
821	243	628	836
822	109	493	703
823	255	636	849
824	679	1067	176
825	968	276	465
826	14	418	610
827	715	18	210
828	123	526	714
829	817	115	301
830	869	168	348
831	603	1001	81
832	444	844	1025
833	621	963	41
834	763	1077	155
835	311	620	816
836	188	508	782
837	91	409	684
838	532	848	31
839	775	1093	283
840	869	84	378
841	25	331	634
842	476	804	1048
843	1094	308	562
844	963	187	391
845	559	917	54
846	932	194	445
847	809	66	397
848	992	250	609
849	204	564	980
850	57	418	858
851	391	759	109
852	596	966	313
853	835	107	553
854	217	607	1034
855	1060	384	767
856	422	903	169
857	851	232	600
858	933	315	681
859	1101	485	848
860	869	245	606
861	777	84	451
862	774	92	433
863	933	279	595
864	760	87	418
865	1046	371	713
866	403	799	11
867	496	856	54
868	863	89	387
869	835	62	359
870	1062	291	583
871	648	936	97
872	467	753	1018
873	1106	267	537
874	1062	223	503
875	989	154	487
876	23	288	607
877	876	1096	316
878	229	489	809
879	165	423	748
880	1084	274	568
881	1026	297	502
882	829	77	276
883	760	1080	174
884	943	118	336
885	338	620	834
886	684	963	76
887	825	1099	232
888	645	907	86
889	411	667	967
890	494	749	1047
891	703	956	202
892	424	665	1063
893	912	56	453
894	959	104	505
895	318	556	964
896	40	312	685
897	771	1075	316
898	76	405	729
899	843	103	393
900	507	865	52
901	316	650	939
902	772	20	306
903	408	716	998
904	849	69	347
905	994	209	485
906	935	153	424
907	586	906	75
908	167	483	758
909	397	707	986
910	615	916	91
911	398	724	993
912	821	179	372
913	109	565	755
914	660	16	205
915	128	581	769
916	720	160	272
917	511	1048	59
918	341	870	1012
919	968	386	574
920	829	248	433
921	265	839	1021
922	77	598	845
923	111	625	894
924	825	246	560
925	223	788	1061
926	389	969	115
927	881	349	587
928	399	995	153
929	530	39	290
930	338	951	95
931	835	312	574
932	17	591	915
933	907	381	727
934	349	921	231
935	911	384	766
936	492	1070	346
937	777	260	631
938	1059	545	910
939	806	336	701
940	848	380	739
941	540	73	432
942	792	326	677
943	555	91	438
944	832	373	715
945	659	154	566
946	866	356	798
947	942	410	932
948	898	307	824
949	120	631	41
950	994	406	917
951	431	950	359
952	487	1008	414
953	1069	515	955
954	820	277	726
955	509	1093	415
956	156	721	48
957	1029	472	896
958	8	500	954
959	331	843	220
960	508	990	376
961	788	128	614
962	702	83	562
963	557	1038	418
964	782	160	628
965	824	158	623
966	676	57	519
967	207	689	46
968	464	951	307
969	575	1082	433
970	147	595	1074
971	541	964	344
972	70	519	992
973	140	588	1058
974	759	82	590
975	624	1046	452
976	244	670	76
977	888	222	721
978	605	1042	436
979	66	527	999
980	853	248	688
981	943	306	778
982	265	734	100
983	999	369	830
984	828	197	660
985	1034	407	865
986	302	774	134
987	796	118	633
988	1034	357	887
989	605	1031	454
990	714	52	566
991	334	813	191
992	349	861	209
993	600	15	454
994	117	618	1072
995	607	49	452
996	187	651	13
997	117	570	1025
998	982	345	749
999	729	93	494


Reaction test
type	A+B+C
number	1000

max value	65536
unit	us

test	A	B	C
0	525	440	512
1	698	586	688
2	417	216	366
3	912	671	824
4	338	43	200
5	621	276	438
6	163	862	1027
7	679	272	430
8	88	790	996
9	170	880	1071
10	96	772	953
11	295	949	32
12	920	439	622
13	660	176	357
14	721	229	416
15	697	205	394
16	204	814	1000
17	1008	515	695
18	233	835	1015
19	1091	589	766
20	550	47	221
21	51	648	826
22	1065	599	774
23	296	905	1082
24	835	302	477
25	326	873	1053
26	1009	453	624
27	713	202	374
28	760	245	414
29	116	700	871
30	523	5	173
31	679	158	330
32	61	672	840
33	642	166	307
34	454	1074	120
35	929	485	631
36	569	125	298
37	688	272	397
38	1017	623	724
39	438	13	139
40	380	1061	83
41	792	341	459
42	672	155	275
43	555	1084	107
44	192	683	802
45	738	104	220
46	577	991	1101
47	265	654	807
48	733	24	156
49	1046	300	474
50	726	1083	154
51	76	392	569
52	163	482	681
53	150	461	653
54	1078	286	477
55	1052	297	456
56	352	679	784
57	813	71	150
58	145	529	585
59	738	23	82
60	401	820	810
61	551	1039	1021
62	241	865	855
63	941	513	504
64	410	1048	32
65	899	529	545
66	960	630	620
67	800	448	432
68	531	214	161
69	1083	770	732
70	91	925	900
71	677	404	377
72	287	1081	1003
73	580	230	165
74	247	952	942
75	893	542	532
76	823	511	501
77	61	834	862
78	212	1084	1069
79	1071	919	880
80	457	340	308
81	910	856	759
82	319	285	168
83	237	228	49
84	1045	1036	808
85	1083	1103	826
86	479	531	223
87	1053	1087	858
88	978	1042	759
89	696	811	480
90	873	1002	641
91	914	1070	583
92	827	984	500
93	58	211	815
94	501	650	157
95	968	17	626
96	108	256	879
97	129	286	852
98	535	720	161
99	422	652	53
100	340	610	1075
101	844	44	473
102	854	126	486
103	476	847	108
104	658	1030	320
105	455	830	153
106	701	1075	373
107	773	28	445
108	676	1035	367
109	816	72	530
110	948	205	672
111	877	137	603
112	76	436	900
113	337	697	62
114	33	391	857
115	49	402	888
116	599	961	383
117	518	865	371
118	697	1046	595
119	519	870	474
120	107	422	116
121	161	452	145
122	290	509	200
123	154	379	72
124	975	96	889
125	780	1025	712
126	370	615	297
127	189	438	116
128	467	719	393
129	392	647	317
130	993	148	923
131	865	26	799
132	792	1024	730
133	160	418	98
134	1021	190	962
135	846	1104	772
136	973	87	858
137	79	312	1084
138	330	566	234
139	299	536	235
140	485	720	439
141	375	590	341
142	557	758	506
143	626	833	547
144	299	512	228
145	635	860	575
146	695	925	639
147	752	987	698
148	825	1105	816
149	748	1000	724
150	792	1055	816
151	379	546	5608
152	734	910	743
153	851	975	822
154	449	630	484
155	435	619	496
156	589	781	622
157	1015	112	1082
158	1099	196	71
159	421	641	490
160	870	25	935
161	361	619	414
162	208	541	294
163	972	205	1060
164	1083	276	1063
165	245	546	232
166	149	408	89
167	236	495	174
168	286	543	190
169	158	415	93
170	1044	199	1010
171	140	372	129
172	204	412	164
173	685	890	641
174	86	263	6
175	292	437	180
176	104	223	1059
177	539	661	396
178	590	722	457
179	183	320	53
180	891	996	728
181	1103	81	906
182	404	460	178
183	414	476	189
184	1024	1098	835
185	237	316	57
186	88	168	1025
187	14	113	938
188	458	524	243
189	104	113	925
190	396	365	60
191	866	791	489
192	23	5	767
193	580	571	228
194	679	663	320
195	799	786	376
196	201	170	906
197	652	566	206
198	941	858	464
199	694	604	211
200	447	355	1064
201	197	99	813
202	661	552	171
203	624	467	83
204	574	419	5
205	1057	901	490
206	45	978	573
207	1106	897	495
208	1038	772	462
209	1087	826	538
210	1049	810	543
211	64	916	654
212	911	685	419
213	469	216	1051
214	709	437	175
215	1057	789	532
216	605	340	60
217	686	409	128
218	274	1015	834
219	72	812	644
220	354	1053	886
221	428	1102	938
222	662	210	55
223	935	478	358
224	844	406	299
225	395	996	907
226	1071	566	480
227	330	938	861
228	774	299	246
229	321	891	811
230	670	87	1105
231	292	878	797
232	151	736	655
233	300	878	796
234	522	1098	1017
235	589	65	1076
236	336	917	823
237	962	443	381
238	935	422	381
239	672	163	151
240	116	730	714
241	252	905	844
242	546	137	35
243	119	802	705
244	130	845	704
245	541	147	14
246	986	586	456
247	1104	696	570
248	365	1071	946
249	56	764	633
250	484	137	1060
251	598	285	58
252	698	387	175
253	459	119	1003
254	847	465	271
255	472	105	1000
256	323	1000	826
257	576	116	1051
258	104	788	610
259	1037	622	471
260	926	484	329
261	732	254	93
262	422	11	950
263	273	964	799
264	348	1038	873
265	724	317	149
266	866	465	264
267	1080	680	477
268	476	77	974
269	42	745	537
270	204	906	697
271	1073	695	524
272	152	899	698
273	289	1033	831
274	134	852	669
275	670	281	101
276	624	234	69
277	86	795	660
278	819	422	279
279	1028	633	501
280	577	175	12
281	789	406	240
282	973	589	416
283	377	1097	919
284	378	1089	912
285	547	182	1079
286	790	473	226
287	1043	724	487
288	802	478	239
289	831	533	255
290	636	337	63
291	365	103	907
292	579	330	27
293	294	16	778
294	92	884	548
295	728	419	133
296	886	576	299
297	661	349	72
298	550	239	1065
299	157	950	672
300	421	166	972
301	756	489	207
302	324	87	875
303	875	662	305
304	572	315	1011
305	280	42	712
306	1015	742	313
307	486	166	846
308	341	1088	672
309	168	894	516
310	434	59	781
311	885	509	132
312	584	178	907
313	164	890	517
314	124	851	473
315	657	294	1004
316	265	996	592
317	285	1051	648
318	102	855	454
319	497	146	878
320	423	64	806
321	491	130	871
322	751	392	34
323	300	1011	682
324	741	351	22
325	541	145	920
326	615	180	964
327	80	762	409
328	132	785	432
329	966	541	166
330	789	366	1089
331	1080	655	245
332	336	1012	599
333	160	843	423
334	51	762	308
335	328	1031	573
336	601	135	784
337	430	1018	567
338	376	903	467
339	268	768	336
340	1085	459	19
341	851	217	828
342	404	778	285
343	474	843	350
344	973	247	831
345	434	872	401
346	373	808	362
347	81	502	22
348	1085	410	1024
349	276	817	342
350	405	970	470
351	291	838	351
352	547	1095	607
353	711	140	760
354	204	677	213
355	12	455	32
356	504	952	546
357	694	37	751
358	854	190	897
359	742	78	756
360	823	162	865
361	607	1043	637
362	47	403	56
363	854	111	898
364	554	912	656
365	694	1057	797
366	1042	309	43
367	486	856	584
368	12	386	111
369	121	499	219
370	322	698	417
371	154	531	249
372	921	228	1012
373	359	772	423
374	414	828	473
375	1072	384	29
376	632	1050	692
377	90	508	146
378	221	632	199
379	90	500	76
380	125	516	29
381	1038	362	938
382	285	744	190
383	526	1012	429
384	313	804	220
385	919	311	829
386	470	965	379
387	738	116	628
388	1035	375	885
389	270	737	142
390	662	31	538
391	194	663	69
392	323	791	186
393	938	304	839
394	1102	469	1040
395	729	104	642
396	801	173	694
397	900	272	856
398	1086	420	1076
399	456	878	445
400	711	1047	627
401	508	846	428
402	786	28	707
403	428	769	345
404	70	413	1087
405	735	1083	653
406	577	930	495
407	997	251	913
408	862	118	777
409	269	626	168
410	16	373	1013
411	730	1090	629
412	875	110	740
413	772	1088	617
414	606	881	407
415	731	1004	524
416	200	427	1034
417	1079	162	804
418	470	644	190
419	584	731	272
420	605	795	331
421	389	581	116
422	178	371	1004
423	260	453	1086
424	926	23	652
425	582	782	309
426	353	553	85
427	814	1015	547
428	103	302	937
429	644	822	357
430	655	799	332
431	788	961	497
432	285	460	1095
433	269	442	1074
434	956	28	636
435	991	85	677
436	117	355	913
437	381	656	72
438	33	346	827
439	706	1053	399
440	171	485	930
441	65	355	801
442	27	315	761
443	946	138	583
444	764	1057	424
445	552	847	264
446	1009	205	756
447	661	959	410
448	350	650	122
449	532	832	302
450	798	1100	570
451	906	107	674
452	885	85	669
453	14	317	946
454	1060	261	944
455	1086	286	956
456	256	531	141
457	519	798	409
458	618	992	603
459	1007	305	1036
460	922	224	985
461	694	1102	757
462	164	571	222
463	481	939	543
464	262	728	333
465	116	587	193
466	864	239	947
467	834	211	918
468	184	656	261
469	437	860	467
470	928	197	900
471	941	208	950
472	534	895	546
473	820	21	788
474	683	994	661
475	571	855	516
476	397	721	387
477	415	720	390
478	106	405	135
479	853	55	910
480	764	1003	835
481	1069	189	1059
482	40	237	1075
483	848	989	722
484	205	295	74
485	642	739	562
486	28	134	1052
487	636	746	559
488	1075	89	997
489	26	150	1047
490	621	749	545
491	957	1089	880
492	520	664	449
493	1096	146	1030
494	204	370	143
495	355	528	294
496	374	552	312
497	1071	155	1008
498	936	22	869
499	434	626	368
500	635	833	570
501	1020	121	955
502	768	990	759
503	150	254	93
504	833	914	751
505	413	438	261
506	614	623	393
507	400	445	157
508	1051	1092	800
509	551	653	316
510	155	259	1020
511	724	831	489
512	902	1005	658
513	473	545	276
514	656	734	472
515	783	871	606
516	1102	84	931
517	115	200	1048
518	827	908	699
519	526	615	401
520	298	401	178
521	122	287	1099
522	689	893	571
523	621	889	505
524	93	444	27
525	126	492	60
526	693	1069	644
527	955	241	914
528	195	625	208
529	34	433	1077
530	345	747	285
531	304	635	201
532	748	1094	736
533	653	1019	669
534	530	864	508
535	395	711	348
536	629	906	536
537	406	653	277
538	255	532	155
539	544	827	446
540	674	958	556
541	1093	250	913
542	187	418	1079
543	245	413	1068
544	619	791	296
545	1085	160	761
546	230	406	1005
547	949	32	628
548	362	549	46
549	313	498	1094
550	81	273	918
551	556	748	293
552	1075	170	816
553	549	700	237
554	232	335	971
555	504	608	134
556	765	871	394
557	52	158	790
558	143	258	886
559	362	480	1099
560	784	897	406
561	164	281	894
562	597	713	226
563	874	987	502
564	544	657	170
565	779	896	414
566	49	152	768
567	166	153	837
568	192	150	833
569	299	234	970
570	634	519	160
571	9	994	636
572	747	631	273
573	431	313	1057
574	798	638	287
575	123	1016	642
576	172	1063	690
577	84	976	601
578	326	116	847
579	921	713	367
580	638	431	60
581	924	744	293
582	88	1003	463
583	193	1098	558
584	192	1084	529
585	1070	891	340
586	268	91	627
587	142	1038	477
588	99	999	457
589	1074	888	319
590	955	788	200
591	320	192	712
592	904	776	183
593	606	480	990
594	1046	921	336
595	70	1070	499
596	495	395	953
597	291	190	776
598	386	289	856
599	57	1061	555
600	436	299	922
601	984	814	362
602	95	1026	602
603	677	480	70
604	1048	850	440
605	375	179	869
606	763	564	159
607	477	281	982
608	97	1003	602
609	476	245	950
610	640	403	24
611	100	959	566
612	56	925	575
613	741	501	153
614	12	872	523
615	717	470	122
616	794	529	182
617	182	910	584
618	952	533	210
619	737	307	1087
620	393	1035	712
621	964	483	164
622	895	384	64
623	988	439	125
624	415	884	625
625	95	566	350
626	420	893	702
627	997	355	179
628	511	967	788
629	125	582	399
630	328	777	618
631	858	212	112
632	770	127	37
633	949	302	214
634	559	1010	920
635	259	698	633
636	596	1000	938
637	945	289	228
638	900	212	176
639	692	1101	1074
640	364	797	745
641	348	825	725
642	724	139	1099
643	312	820	688
644	80	587	450
645	393	898	760
646	748	149	13
647	560	1059	922
648	171	664	526
649	878	272	134
650	127	632	484
651	183	686	535
652	1100	506	387
653	110	615	525
654	263	770	719
655	387	894	842
656	474	1016	969
657	665	135	66
658	1037	496	479
659	870	325	337
660	978	397	379
661	447	969	940
662	576	14	1100
663	135	728	655
664	60	623	580
665	855	372	265
666	86	739	596
667	341	1019	850
668	259	998	760
669	313	1014	751
670	725	344	94
671	588	282	1105
672	798	497	268
673	357	65	934
674	793	488	266
675	391	51	953
676	649	371	144
677	539	310	29
678	298	92	884
679	958	848	491
680	974	880	561
681	974	889	583
682	480	411	55
683	927	895	499
684	169	187	831
685	401	375	1060
686	633	599	143
687	25	1052	598
688	186	173	820
689	855	839	387
690	658	595	145
691	646	587	136
692	539	457	11
693	835	727	281
694	850	703	261
695	143	1101	665
696	683	555	99
697	959	830	346
698	706	578	110
699	787	661	225
700	245	121	813
701	184	62	723
702	452	333	991
703	944	815	364
704	279	210	868
705	235	129	793
706	1025	836	416
707	652	460	41
708	274	81	764
709	484	294	977
710	648	455	41
711	396	204	894
712	410	221	913
713	596	406	1100
714	620	459	28
715	317	113	750
716	506	322	944
717	948	827	329
718	1064	1037	466
719	587	547	1082
720	32	1093	451
721	715	643	7
722	616	501	970
723	698	577	1048
724	521	345	784
725	86	1014	351
726	669	533	932
727	1085	871	215
728	13	938	279
729	326	149	623
730	935	757	161
731	846	671	33
732	275	104	565
733	167	1098	459
734	495	327	792
735	235	67	533
736	288	119	589
737	1054	910	279
738	594	457	912
739	904	753	136
740	1096	940	328
741	691	536	1028
742	423	267	763
743	762	599	8
744	405	230	763
745	964	788	224
746	957	759	172
747	753	556	1071
748	948	745	197
749	967	761	219
750	64	954	414
751	301	94	654
752	68	966	457
753	784	580	73
754	131	1061	522
755	93	1020	493
756	1006	801	282
757	599	394	981
758	533	306	893
759	180	1019	537
760	700	439	1006
761	444	182	752
762	613	356	926
763	124	970	438
764	1064	808	280
765	927	672	150
766	115	960	485
767	911	655	200
768	61	908	499
769	577	339	1011
770	849	579	156
771	992	679	216
772	937	621	161
773	318	1102	643
774	1044	705	268
775	28	868	378
776	1050	792	299
777	612	351	968
778	907	641	163
779	170	1006	529
780	583	352	974
781	86	984	528
782	119	1015	559
783	408	168	839
784	234	1081	652
785	1025	791	286
786	643	402	1000
787	286	82	655
788	133	1017	497
789	941	708	204
790	578	323	919
791	473	172	772
792	730	454	1055
793	828	560	81
794	682	416	1083
795	93	949	578
796	837	595	240
797	12	923	559
798	381	238	931
799	537	430	1084
800	166	157	728
801	970	948	399
802	639	571	45
803	1002	932	420
804	180	120	709
805	289	229	856
806	1001	938	472
807	195	131	766
808	132	78	705
809	132	118	704
810	751	739	166
811	643	582	1090
812	13	1055	464
813	75	18	530
814	810	749	118
815	1011	998	314
816	729	720	1097
817	635	661	1001
818	936	1010	207
819	1073	66	353
820	453	545	831
821	426	513	806
822	149	234	531
823	208	312	608
824	644	746	1042
825	638	738	1039
826	966	1064	271
827	929	1026	235
828	276	368	703
829	117	210	567
830	610	705	1047
831	406	528	804
832	234	360	636
833	690	799	1051
834	843	1000	110
835	964	16	232
836	68	222	439
837	60	208	434
838	594	787	1009
839	315	477	697
840	958	49	271
841	167	354	555
842	251	505	659
843	711	945	17
844	819	1052	130
845	829	1054	138
846	298	499	719
847	310	505	752
848	930	26	284
849	763	968	110
850	502	694	916
851	787	926	71
852	232	369	583
853	637	764	993
854	918	989	116
855	281	290	476
856	1057	1070	149
857	1038	1047	122
858	390	429	582
859	1038	1019	115
860	634	618	834
861	266	212	424
862	1092	1030	106
863	325	223	414
864	165	63	260
865	673	570	772
866	470	373	590
867	307	209	431
868	655	558	787
869	814	718	953
870	144	54	289
871	388	298	535
872	760	677	910
873	702	627	860
874	228	157	392
875	1016	948	82
876	1052	986	137
877	388	322	604
878	546	537	850
879	478	437	713
880	302	288	528
881	22	1077	222
882	320	334	536
883	601	638	821
884	326	413	632
885	913	1004	119
886	986	1074	185
887	1030	1095	225
888	606	648	830
889	650	596	773
890	818	768	924
891	627	605	734
892	655	592	823
893	918	854	28
894	229	160	437
895	12	1040	219
896	715	670	923
897	723	647	936
898	97	25	316
899	518	452	743
900	385	324	615
901	270	209	477
902	945	890	54
903	782	828	1068
904	687	656	940
905	1025	971	156
906	761	696	985
907	982	917	128
908	942	881	108
909	1073	1063	186
910	904	943	1069
911	479	539	652
912	20	113	189
913	878	1001	1053
914	829	1061	982
915	922	99	1079
916	234	469	389
917	1003	140	58
918	635	877	790
919	696	941	850
920	359	612	512
921	171	432	325
922	445	710	596
923	75	315	197
924	462	673	556
925	904	17	1036
926	169	389	324
927	1023	141	72
928	901	43	1045
929	519	808	666
930	341	649	488
931	202	510	341
932	828	42	971
933	823	38	978
934	741	1006	863
935	646	914	764
936	505	787	608
937	46	331	143
938	762	1048	853
939	701	987	788
940	329	617	406
941	773	1043	829
942	725	991	804
943	830	1093	902
944	676	915	745
945	466	703	528
946	62	299	120
947	529	771	584
948	801	1049	854
949	201	432	212
950	1106	238	40
951	473	650	520
952	986	1092	1015
953	153	265	222
954	1038	55	43
955	815	897	887
956	41	102	111
957	190	199	270
958	254	201	282
959	818	741	841
960	418	345	470
961	1013	941	1085
962	791	731	878
963	366	308	456
964	261	270	420
965	626	591	740
966	1009	991	40
967	1088	1071	122
968	422	398	555
969	965	956	1083
970	1043	1055	29
971	75	117	166
972	664	682	792
973	1044	1091	106
974	766	851	931
975	579	608	749
976	135	104	275
977	630	574	753
978	833	761	941
979	1042	979	57
980	706	645	824
981	456	400	582
982	600	578	764
983	275	191	381
984	149	45	241
985	1080	924	38
986	518	364	581
987	1055	903	33
988	946	789	1092
989	58	1002	207
990	635	474	786
991	58	999	211
992	761	603	918
993	369	213	528
994	424	241	580
995	909	730	1090
996	818	629	996
997	144	994	345
998	473	191	648
999	1003	636	1104


Reaction test
type	A+B+C
number	1000

max value	65536
unit	us

test	A	B	C
0	279	829	440
1	627	73	812
2	573	1109	773
3	343	886	570
4	673	109	914
5	118	664	390
6	689	126	964
7	211	776	493
8	97	661	388
9	1087	545	273
10	560	1067	794
11	939	306	37
12	625	1048	788
13	29	368	118
14	750	1085	839
15	541	876	634
16	1092	325	81
17	73	408	165
18	433	776	524
19	499	906	594
20	675	1103	768
21	95	596	192
22	927	339	1025
23	541	1065	608
24	225	756	293
25	608	38	704
26	926	317	996
27	301	768	340
28	723	73	734
29	627	1038	636
30	98	469	73
31	393	853	355
32	622	1087	606
33	619	1102	582
34	480	987	458
35	792	159	734
36	681	16	576
37	364	752	207
38	304	666	118
39	228	552	19
40	460	723	189
41	17	216	791
42	749	921	388
43	12	174	717
44	420	552	1081
45	404	499	958
46	619	752	69
47	558	715	1109
48	967	99	415
49	877	72	327
50	201	523	750
51	475	845	1032
52	747	38	190
53	1016	355	435
54	1076	471	495
55	239	795	804
56	847	353	311
57	198	855	762
58	397	1092	962
59	323	1047	870
60	289	1030	837
61	945	638	372
62	643	379	67
63	829	633	243
64	1084	940	498
65	274	170	798
66	361	287	886
67	777	747	209
68	1086	1077	518
69	37	97	571
70	440	558	979
71	661	833	110
72	615	822	63
73	278	501	854
74	1077	188	633
75	515	736	123
76	532	741	157
77	527	653	88
78	68	178	749
79	337	436	1022
80	306	403	1025
81	984	1075	648
82	1017	1027	697
83	966	944	570
84	473	460	59
85	609	625	191
86	749	829	336
87	195	358	898
88	564	750	163
89	324	554	1036
90	868	40	458
91	679	989	271
92	627	968	221
93	152	568	876
94	737	73	353
95	842	181	476
96	458	914	111
97	12	478	775
98	280	740	1072
99	126	587	937
100	1100	396	746
101	266	621	962
102	666	957	199
103	741	961	177
104	764	905	144
105	1073	111	460
106	962	10	353
107	319	501	822
108	605	786	18
109	255	441	780
110	279	455	798
111	127	283	640
112	358	525	853
113	617	757	1093
114	271	405	786
115	117	264	693
116	628	777	116
117	248	427	915
118	120	290	823
119	492	656	123
120	126	287	897
121	320	484	15
122	804	971	537
123	111	228	1012
124	57	158	975
125	609	708	420
126	237	341	62
127	1052	56	890
128	354	536	200
129	754	946	610
130	425	618	227
131	312	537	100
132	511	749	300
133	690	923	489
134	1068	242	868
135	760	1046	560
136	1078	281	887
137	21	368	934
138	435	802	252
139	414	815	245
140	727	51	575
141	444	896	291
142	156	638	19
143	35	525	1004
144	655	24	502
145	924	276	740
146	242	677	64
147	1026	419	776
148	436	903	154
149	154	576	933
150	35	525	885
151	765	151	504
152	156	646	994
153	973	360	703
154	297	796	22
155	794	195	519
156	530	1017	223
157	405	840	42
158	558	930	136
159	694	1015	227
160	982	167	498
161	416	713	1035
162	291	597	895
163	916	110	414
164	89	390	694
165	106	403	715
166	31	308	648
167	99	366	751
168	917	74	512
169	812	1054	425
170	1038	169	641
171	899	14	478
172	319	483	946
173	222	390	840
174	872	1037	396
175	330	499	982
176	380	547	1027
177	702	864	237
178	323	476	949
179	72	221	696
180	218	367	833
181	309	442	918
182	141	280	757
183	534	670	38
184	115	247	722
185	667	801	167
186	495	615	1102
187	224	347	827
188	957	1073	453
189	1009	17	505
190	150	200	679
191	349	457	886
192	282	394	860
193	708	798	158
194	1093	76	538
195	927	1027	339
196	707	884	118
197	363	635	892
198	142	478	643
199	424	788	941
200	1035	246	448
201	424	695	928
202	234	466	731
203	961	50	401
204	139	320	729
205	292	473	917
206	40	215	676
207	593	758	88
208	720	976	213
209	13	261	590
210	164	406	851
211	1028	157	606
212	871	1064	461
213	853	1074	446
214	207	435	923
215	854	1062	481
216	690	887	326
217	112	312	855
218	945	30	587
219	761	953	406
220	233	425	991
221	20	212	777
222	223	416	973
223	217	398	944
224	755	938	387
225	245	436	991
226	885	1075	538
227	816	1004	475
228	295	424	1008
229	356	436	1102
230	543	622	158
231	735	766	347
232	287	347	996
233	185	279	891
234	264	375	969
235	1096	170	743
236	68	249	824
237	781	962	436
238	724	903	374
239	948	21	596
240	1090	172	725
241	771	945	435
242	586	825	189
243	165	406	903
244	27	173	738
245	589	724	127
246	879	1083	443
247	755	1002	334
248	977	165	561
249	811	22	401
250	90	404	806
251	431	728	14
252	147	376	780
253	675	850	136
254	157	303	692
255	881	992	319
256	1071	63	586
257	884	987	473
258	237	331	984
259	543	643	182
260	236	370	1033
261	674	776	353
262	112	185	908
263	827	947	525
264	390	559	96
265	176	364	992
266	1084	190	793
267	635	858	354
268	77	282	929
269	1094	183	859
270	184	380	1056
271	281	492	54
272	451	668	227
273	760	972	540
274	864	1070	650
275	883	1088	680
276	112	315	1024
277	921	14	726
278	132	336	1042
279	1067	166	867
280	753	973	567
281	77	312	1003
282	125	368	1042
283	544	789	352
284	11	255	920
285	376	625	189
286	144	394	1059
287	528	782	350
288	423	683	249
289	325	589	155
290	425	688	261
291	145	406	1090
292	289	555	133
293	223	491	63
294	372	642	217
295	824	1096	687
296	571	838	438
297	507	769	382
298	83	374	1067
299	490	824	366
300	170	551	50
301	914	258	811
302	981	403	886
303	98	668	10
304	754	230	579
305	937	406	756
306	794	267	612
307	502	1076	309
308	545	56	403
309	64	656	1007
310	961	371	718
311	813	141	482
312	1100	377	712
313	987	162	494
314	1049	191	518
315	302	519	834
316	768	971	186
317	1050	193	516
318	837	1091	299
319	964	60	386
320	616	788	34
321	980	43	416
322	382	555	997
323	290	450	969
324	314	458	982
325	622	746	156
326	485	572	1082
327	494	575	1062
328	152	266	706
329	232	388	785
330	234	377	784
331	961	1094	398
332	576	718	26
333	646	785	96
334	421	570	984
335	248	420	809
336	260	487	806
337	735	996	171
338	362	672	935
339	562	855	1104
340	354	607	849
341	239	485	707
342	160	388	600
343	1071	236	488
344	319	606	891
345	1040	217	533
346	526	793	75
347	462	720	5
348	641	886	189
349	751	1038	318
350	916	87	485
351	986	153	556
352	375	646	1055
353	717	989	287
354	928	95	503
355	647	922	224
356	778	1061	364
357	724	993	309
358	754	1024	352
359	1079	236	679
360	125	382	846
361	1061	200	710
362	791	1061	434
363	1097	255	763
364	443	697	109
365	774	1016	432
366	806	1049	474
367	228	518	990
368	568	808	169
369	999	103	558
370	933	1077	471
371	378	447	999
372	8	65	630
373	256	265	920
374	833	895	386
375	963	1057	527
376	80	171	762
377	381	467	1072
378	251	310	1016
379	70	121	805
380	1085	1103	705
381	242	332	986
382	9	141	752
383	1090	193	727
384	1080	254	731
385	493	861	165
386	684	1096	359
387	41	439	765
388	397	444	387
389	1075	1058	1086
390	781	736	793
391	1023	934	1033
392	294	171	316
393	195	63	175
394	842	610	729
395	1048	770	890
396	607	286	403
397	996	646	756
398	275	1001	1104
399	891	407	477
400	838	351	459
401	203	830	909
402	1035	650	660
403	457	119	61
404	792	506	356
405	335	15	978
406	514	154	7
407	933	532	398
408	979	578	460
409	223	946	875
410	769	393	344
411	408	42	1098
412	864	479	447
413	999	626	643
414	310	1046	1058
415	528	240	212
416	926	657	680
417	1050	861	878
418	1055	879	897
419	775	692	701
420	377	401	362
421	935	918	906
422	748	693	681
423	776	756	729
424	94	103	75
425	957	946	971
426	936	873	882
427	572	452	491
428	840	820	852
429	124	110	133
430	842	828	851
431	580	571	561
432	397	388	406
433	594	571	603
434	1068	1047	1056
435	737	746	728
436	904	894	925
437	1061	1039	1051
438	723	698	707
439	1045	1054	1013
440	404	432	381
441	27	11	1015
442	1048	1037	933
443	498	411	319
444	895	820	702
445	220	183	26
446	495	477	361
447	852	871	739
448	1100	1109	995
449	816	828	724
450	604	614	538
451	899	932	780
452	1048	1057	958
453	850	840	749
454	357	346	260
455	657	641	550
456	630	593	505
457	795	705	613
458	1017	883	793
459	390	233	141
460	896	702	605
461	319	95	1110
462	930	670	575
463	103	919	833
464	1109	775	694
465	86	830	787
466	591	190	164
467	648	286	225
468	626	214	204
469	184	896	930
470	306	998	27
471	850	431	600
472	756	335	586
473	968	538	877
474	1092	670	1007
475	697	207	515
476	544	17	328
477	875	313	620
478	737	79	427
479	693	1102	314
480	728	33	294
481	650	1092	243
482	441	852	27
483	393	752	1042
484	903	963	1088
485	471	497	640
486	80	115	234
487	974	1025	22
488	750	831	895
489	92	156	216
490	277	324	294
491	158	242	181
492	847	963	868
493	400	472	379
494	766	812	716
495	749	758	651
496	620	629	469
497	288	301	97
498	931	977	741
499	695	767	507
500	1047	89	875
501	693	850	534
502	456	660	366
503	537	750	524
504	506	665	414
505	53	169	1014
506	344	423	843
507	389	476	839
508	733	828	73
509	920	1003	257
510	846	858	97
511	640	631	929
512	356	346	601
513	214	251	478
514	199	271	468
515	329	441	589
516	135	311	399
517	711	959	949
518	768	973	16
519	336	526	743
520	499	677	925
521	65	237	454
522	488	637	852
523	91	266	524
524	871	1034	264
525	767	932	242
526	793	950	364
527	248	410	968
528	911	1072	561
529	578	738	233
530	830	988	473
531	1020	75	656
532	161	327	920
533	104	271	868
534	9	167	765
535	478	638	135
536	323	486	1077
537	553	716	196
538	1026	90	672
539	1050	121	702
540	693	861	354
541	479	673	144
542	92	303	848
543	107	296	857
544	798	977	437
545	633	808	270
546	820	996	461
547	189	364	952
548	481	650	160
549	878	1039	600
550	531	694	364
551	792	958	704
552	627	785	602
553	247	344	237
554	951	1006	931
555	986	1039	939
556	771	780	690
557	940	903	781
558	338	198	94
559	821	645	548
560	846	660	576
561	242	57	1070
562	134	1056	970
563	856	692	591
564	648	492	386
565	13	948	856
566	129	1058	957
567	723	505	490
568	612	398	371
569	818	663	554
570	1008	873	746
571	337	245	71
572	616	555	342
573	1022	954	732
574	939	925	705
575	340	299	83
576	578	486	278
577	221	112	993
578	135	1065	844
579	639	431	218
580	933	674	466
581	995	651	475
582	238	948	779
583	623	183	24
584	901	380	251
585	306	821	705
586	918	280	175
587	631	1026	929
588	447	761	670
589	392	658	562
590	868	1114	1023
591	1070	155	73
592	1087	140	63
593	508	691	605
594	564	745	658
595	114	306	214
596	602	789	694
597	278	465	371
598	938	30	1040
599	69	265	161
600	638	833	717
601	324	487	363
602	947	6	1024
603	563	731	666
604	368	501	479
605	803	971	902
606	622	846	721
607	703	1002	798
608	479	816	573
609	735	8	825
610	840	117	939
611	799	90	889
612	100	491	201
613	62	455	192
614	45	442	188
615	56	459	211
616	458	873	641
617	665	1079	869
618	706	13	936
619	879	179	29
620	653	1065	906
621	837	140	1080
622	506	916	745
623	883	188	13
624	644	1051	879
625	958	258	82
626	1068	372	200
627	916	225	56
628	449	865	694
629	1046	347	165
630	572	992	815
631	698	9	937
632	1019	327	138
633	228	628	429
634	134	535	345
635	1047	330	127
636	588	976	780
637	354	746	544
638	625	1018	803
639	763	50	935
640	479	872	649
641	379	769	537
642	1049	332	100
643	686	1086	841
644	280	674	431
645	163	570	315
646	400	808	553
647	1100	392	136
648	931	232	1082
649	137	542	287
650	100	495	241
651	710	1090	828
652	115	480	215
653	140	501	237
654	646	1000	744
655	977	229	1069
656	790	53	889
657	756	47	853
658	722	43	853
659	631	1053	762
660	747	46	849
661	412	816	516
662	494	889	587
663	330	740	412
664	699	1106	783
665	133	531	224
666	1039	333	25
667	229	645	322
668	116	527	250
669	395	806	562
670	1082	383	171
671	649	1069	880
672	119	544	339
673	1043	390	155
674	1071	433	176
675	915	349	18
676	882	327	1081
677	238	800	429
678	441	995	627
679	443	990	590
680	565	1103	716
681	102	631	272
682	104	633	358
683	378	923	705
684	1055	486	299
685	956	420	270
686	23	600	513
687	454	1019	924
688	500	1048	956
689	1043	453	366
690	7	476	388
691	354	797	706
692	992	312	228
693	611	1010	925
694	186	600	498
695	277	706	594
696	838	196	35
697	1035	430	246
698	867	300	72
699	651	119	962
700	580	60	878
701	40	628	339
702	48	626	329
703	619	80	884
704	689	154	956
705	830	289	1097
706	391	961	653
707	212	769	472
708	935	383	81
709	913	359	59
710	1011	440	151
711	522	1057	760
712	720	102	918
713	1035	347	59
714	634	993	715
715	256	537	275
716	665	965	729
717	969	169	1076
718	626	942	811
719	443	774	684
720	791	45	1090
721	784	41	9
722	52	436	426
723	353	768	783
724	776	75	110
725	787	81	154
726	1011	292	422
727	59	456	645
728	934	206	458
729	669	1040	267
730	374	729	19
731	984	230	679
732	199	548	1044
733	508	864	286
734	582	938	409
735	860	108	716
736	928	211	859
737	962	248	946
738	6	385	20
739	472	853	534
740	1039	312	19
741	892	174	1035
742	451	839	672
743	681	1074	964
744	411	839	776
745	158	573	514
746	57	459	417
747	1044	391	280
748	1027	412	255
749	1013	421	248
750	901	326	148
751	315	844	665
752	264	825	617
753	574	1109	886
754	515	951	743
755	53	407	206
756	852	50	995
757	479	840	626
758	560	984	700
759	220	681	346
760	417	881	529
761	291	749	388
762	620	1076	711
763	698	46	791
764	856	207	948
765	464	912	551
766	791	141	886
767	581	1021	664
768	492	918	575
769	879	185	966
770	664	1083	739
771	136	609	147
772	154	570	167
773	109	513	152
774	412	823	496
775	177	586	310
776	903	164	1000
777	585	922	647
778	1090	298	38
779	801	1075	818
780	836	1074	845
781	800	969	791
782	411	574	454
783	181	361	271
784	413	593	506
785	1094	149	79
786	419	577	510
787	40	199	132
788	450	610	540
789	736	898	825
790	343	508	437
791	577	739	666
792	560	713	647
793	529	684	622
794	470	628	559
795	745	903	836
796	111	278	205
797	1083	141	61
798	136	310	241
799	1092	150	74
800	887	1054	984
801	571	753	660
802	528	717	617
803	918	1105	1008
804	1007	96	1099
805	176	369	262
806	1001	90	1086
807	283	469	320
808	317	509	419
809	771	942	920
810	908	33	1061
811	745	1013	900
812	498	807	658
813	905	140	1063
814	1088	313	138
815	859	92	1016
816	681	1026	836
817	615	956	768
818	397	731	538
819	762	1100	916
820	656	995	809
821	993	239	39
822	984	227	18
823	52	337	185
824	713	949	792
825	352	555	444
826	425	625	574
827	1112	181	162
828	607	787	708
829	561	715	648
830	115	277	152
831	347	502	392
832	232	388	299
833	359	513	449
834	540	705	649
835	1047	107	57
836	1095	122	110
837	750	842	852
838	733	815	825
839	901	963	874
840	646	667	572
841	567	547	432
842	212	141	33
843	700	571	454
844	118	1049	935
845	332	153	48
846	513	326	230
847	1027	846	755
848	955	797	709
849	619	466	380
850	1005	843	757
851	238	62	1084
852	355	177	90
853	226	52	1073
854	911	758	613
855	1008	845	713
856	695	525	400
857	1103	933	814
858	191	10	1013
859	826	637	535
860	102	1011	915
861	610	404	336
862	778	575	538
863	169	1103	1093
864	541	435	379
865	994	917	828
866	983	901	808
867	94	11	1022
868	16	1027	937
869	856	758	667
870	692	612	520
871	9	1033	940
872	624	530	436
873	96	5	1027
874	411	325	239
875	539	455	366
876	185	100	10
877	543	455	364
878	493	407	316
879	105	28	1041
880	341	260	173
881	397	314	221
882	513	428	338
883	987	892	802
884	414	318	222
885	822	740	651
886	591	513	417
887	302	213	123
888	1049	954	862
889	333	227	137
890	340	242	154
891	596	502	405
892	1045	962	845
893	907	812	702
894	474	381	276
895	476	382	275
896	219	112	10
897	19	1006	918
898	111	1100	1015
899	586	465	382
900	1004	894	801
901	900	768	683
902	590	460	371
903	459	305	217
904	287	122	37
905	85	1026	938
906	1047	884	793
907	253	85	1096
908	51	985	889
909	913	731	627
910	127	1031	928
911	446	230	145
912	1019	805	720
913	5	913	825
914	50	960	866
915	518	312	225
916	902	700	609
917	1083	893	809
918	260	85	1111
919	1075	947	816
920	557	495	299
921	928	919	653
922	199	250	1012
923	247	391	1072
924	516	706	240
925	1029	134	743
926	1044	205	780
927	318	654	69
928	127	461	998
929	666	1014	515
930	566	917	480
931	967	202	918
932	138	470	129
933	59	348	84
934	441	702	484
935	463	734	586
936	843	11	986
937	438	740	656
938	197	506	447
939	53	360	349
940	309	627	670
941	19	334	394
942	476	877	974
943	293	714	808
944	1075	419	503
945	61	533	622
946	1083	447	533
947	455	952	1059
948	415	896	1036
949	519	1004	78
950	502	980	40
951	1037	414	579
952	659	40	200
953	448	922	1086
954	992	349	499
955	857	218	361
956	393	855	993
957	679	26	170
958	1035	366	514
959	438	886	1022
960	1006	293	307
961	260	702	647
962	262	734	655
963	698	133	11
964	69	646	493
965	756	236	83
966	345	937	815
967	122	696	614
968	302	815	805
969	21	511	495
970	122	635	578
971	1045	497	387
972	458	1052	908
973	807	353	151
974	400	62	837
975	1068	782	394
976	685	470	1111
977	698	555	1102
978	510	397	898
979	973	859	265
980	960	854	252
981	708	603	1106
982	231	124	634
983	588	486	993
984	769	671	72
985	311	211	724
986	283	178	704
987	499	379	906
988	72	1041	465
989	816	673	97
990	608	458	1004
991	24	968	413
992	973	811	259
993	748	575	41
994	291	119	690
995	261	91	672
996	132	1063	544
997	836	659	143
998	93	1021	510
999	326	153	748
